[2024-06-25T11:40:36.983+0000] {local_task_job_runner.py:120} INFO - ::group::Pre task execution logs
[2024-06-25T11:40:37.002+0000] {taskinstance.py:2076} INFO - Dependencies all met for dep_context=non-requeueable deps ti=<TaskInstance: dag_with_postgres_operator_v01.create_postgres_table manual__2024-06-25T11:35:51.818911+00:00 [queued]>
[2024-06-25T11:40:37.005+0000] {taskinstance.py:2076} INFO - Dependencies all met for dep_context=requeueable deps ti=<TaskInstance: dag_with_postgres_operator_v01.create_postgres_table manual__2024-06-25T11:35:51.818911+00:00 [queued]>
[2024-06-25T11:40:37.005+0000] {taskinstance.py:2306} INFO - Starting attempt 2 of 7
[2024-06-25T11:40:37.010+0000] {taskinstance.py:2330} INFO - Executing <Task(PostgresOperator): create_postgres_table> on 2024-06-25 11:35:51.818911+00:00
[2024-06-25T11:40:37.013+0000] {standard_task_runner.py:90} INFO - Running: ['***', 'tasks', 'run', 'dag_with_postgres_operator_v01', 'create_postgres_table', 'manual__2024-06-25T11:35:51.818911+00:00', '--job-id', '37', '--raw', '--subdir', 'DAGS_FOLDER/postgres_dag.py', '--cfg-path', '/tmp/tmp64qkp32k']
[2024-06-25T11:40:37.015+0000] {logging_mixin.py:188} WARNING - /home/***/.local/lib/python3.12/site-packages/***/task/task_runner/standard_task_runner.py:61 DeprecationWarning: This process (pid=20595) is multi-threaded, use of fork() may lead to deadlocks in the child.
[2024-06-25T11:40:37.015+0000] {standard_task_runner.py:91} INFO - Job 37: Subtask create_postgres_table
[2024-06-25T11:40:37.015+0000] {standard_task_runner.py:63} INFO - Started process 20596 to run task
[2024-06-25T11:40:37.037+0000] {task_command.py:426} INFO - Running <TaskInstance: dag_with_postgres_operator_v01.create_postgres_table manual__2024-06-25T11:35:51.818911+00:00 [running]> on host 3b316f897547
[2024-06-25T11:40:37.070+0000] {taskinstance.py:2648} INFO - Exporting env vars: AIRFLOW_CTX_DAG_OWNER='jack' AIRFLOW_CTX_DAG_ID='dag_with_postgres_operator_v01' AIRFLOW_CTX_TASK_ID='create_postgres_table' AIRFLOW_CTX_EXECUTION_DATE='2024-06-25T11:35:51.818911+00:00' AIRFLOW_CTX_TRY_NUMBER='2' AIRFLOW_CTX_DAG_RUN_ID='manual__2024-06-25T11:35:51.818911+00:00'
[2024-06-25T11:40:37.071+0000] {taskinstance.py:430} INFO - ::endgroup::
[2024-06-25T11:40:37.078+0000] {sql.py:276} INFO - Executing: 
            CREATE SCHEMA IF NOT EXISTS customer_schema;

            DROP TABLE IF EXISTS customer_schema.customer_table;

            CREATE TABLE customer_schema.customer_table (
                InvoiceNo TEXT,
                StockCode TEXT,
                "Description" TEXT,
                Quantity INT,
                InvoiceDate TIMESTAMP,
                UnitPrice FLOAT,
                CustomerID TEXT,
                Country TEXT
            );
             
[2024-06-25T11:40:37.083+0000] {base.py:84} INFO - Using connection ID 'postgres_localhost' for task execution.
[2024-06-25T11:40:37.088+0000] {base.py:84} INFO - Using connection ID 'postgres_localhost' for task execution.
[2024-06-25T11:40:37.099+0000] {sql.py:487} INFO - Running statement: 
            CREATE SCHEMA IF NOT EXISTS customer_schema;

            DROP TABLE IF EXISTS customer_schema.customer_table;

            CREATE TABLE customer_schema.customer_table (
                InvoiceNo TEXT,
                StockCode TEXT,
                "Description" TEXT,
                Quantity INT,
                InvoiceDate TIMESTAMP,
                UnitPrice FLOAT,
                CustomerID TEXT,
                Country TEXT
            );
             , parameters: None
[2024-06-25T11:40:37.105+0000] {taskinstance.py:441} INFO - ::group::Post task execution logs
[2024-06-25T11:40:37.109+0000] {taskinstance.py:1206} INFO - Marking task as SUCCESS. dag_id=dag_with_postgres_operator_v01, task_id=create_postgres_table, run_id=manual__2024-06-25T11:35:51.818911+00:00, execution_date=20240625T113551, start_date=20240625T114037, end_date=20240625T114037
[2024-06-25T11:40:37.116+0000] {local_task_job_runner.py:240} INFO - Task exited with return code 0
[2024-06-25T11:40:37.121+0000] {logging_mixin.py:188} WARNING - /home/***/.local/lib/python3.12/site-packages/***/models/baseoperator.py:1297 AirflowProviderDeprecationWarning: Call to deprecated class PostgresOperator. (Please use `***.providers.common.sql.operators.sql.SQLExecuteQueryOperator`.Also, you can provide `hook_params={'schema': <database>}`.)
[2024-06-25T11:40:37.126+0000] {taskinstance.py:3503} INFO - 1 downstream tasks scheduled from follow-on schedule check
[2024-06-25T11:40:37.126+0000] {local_task_job_runner.py:222} INFO - ::endgroup::
