[2024-09-24T03:21:33.561+0000] {local_task_job_runner.py:120} INFO - ::group::Pre task execution logs
[2024-09-24T03:21:33.591+0000] {taskinstance.py:2076} INFO - Dependencies all met for dep_context=non-requeueable deps ti=<TaskInstance: dag_with_postgres_operator_v01.create_postgres_table manual__2024-09-24T03:21:33.200381+00:00 [queued]>
[2024-09-24T03:21:33.596+0000] {taskinstance.py:2076} INFO - Dependencies all met for dep_context=requeueable deps ti=<TaskInstance: dag_with_postgres_operator_v01.create_postgres_table manual__2024-09-24T03:21:33.200381+00:00 [queued]>
[2024-09-24T03:21:33.596+0000] {taskinstance.py:2306} INFO - Starting attempt 1 of 6
[2024-09-24T03:21:33.604+0000] {taskinstance.py:2330} INFO - Executing <Task(PostgresOperator): create_postgres_table> on 2024-09-24 03:21:33.200381+00:00
[2024-09-24T03:21:33.610+0000] {standard_task_runner.py:90} INFO - Running: ['***', 'tasks', 'run', 'dag_with_postgres_operator_v01', 'create_postgres_table', 'manual__2024-09-24T03:21:33.200381+00:00', '--job-id', '101', '--raw', '--subdir', 'DAGS_FOLDER/postgres_dag.py', '--cfg-path', '/tmp/tmpq477lusa']
[2024-09-24T03:21:33.612+0000] {standard_task_runner.py:91} INFO - Job 101: Subtask create_postgres_table
[2024-09-24T03:21:33.612+0000] {logging_mixin.py:188} WARNING - /home/***/.local/lib/python3.12/site-packages/***/task/task_runner/standard_task_runner.py:61 DeprecationWarning: This process (pid=417) is multi-threaded, use of fork() may lead to deadlocks in the child.
[2024-09-24T03:21:33.612+0000] {standard_task_runner.py:63} INFO - Started process 418 to run task
[2024-09-24T03:21:33.648+0000] {task_command.py:426} INFO - Running <TaskInstance: dag_with_postgres_operator_v01.create_postgres_table manual__2024-09-24T03:21:33.200381+00:00 [running]> on host 4112e4e10001
[2024-09-24T03:21:33.713+0000] {taskinstance.py:2648} INFO - Exporting env vars: AIRFLOW_CTX_DAG_OWNER='jack' AIRFLOW_CTX_DAG_ID='dag_with_postgres_operator_v01' AIRFLOW_CTX_TASK_ID='create_postgres_table' AIRFLOW_CTX_EXECUTION_DATE='2024-09-24T03:21:33.200381+00:00' AIRFLOW_CTX_TRY_NUMBER='1' AIRFLOW_CTX_DAG_RUN_ID='manual__2024-09-24T03:21:33.200381+00:00'
[2024-09-24T03:21:33.713+0000] {taskinstance.py:430} INFO - ::endgroup::
[2024-09-24T03:21:33.741+0000] {sql.py:276} INFO - Executing: 
            CREATE SCHEMA IF NOT EXISTS customer_schema;

            DROP TABLE IF EXISTS customer_schema.customer_table;

            CREATE TABLE customer_schema.customer_table (
                InvoiceNo TEXT,
                StockCode TEXT,
                "Description" TEXT,
                Quantity INT,
                InvoiceDate TIMESTAMP,
                UnitPrice FLOAT,
                CustomerID TEXT,
                Country TEXT
            );
             
[2024-09-24T03:21:33.748+0000] {base.py:84} INFO - Using connection ID 'postgres_localhost' for task execution.
[2024-09-24T03:21:33.755+0000] {base.py:84} INFO - Using connection ID 'postgres_localhost' for task execution.
[2024-09-24T03:21:33.769+0000] {sql.py:487} INFO - Running statement: 
            CREATE SCHEMA IF NOT EXISTS customer_schema;

            DROP TABLE IF EXISTS customer_schema.customer_table;

            CREATE TABLE customer_schema.customer_table (
                InvoiceNo TEXT,
                StockCode TEXT,
                "Description" TEXT,
                Quantity INT,
                InvoiceDate TIMESTAMP,
                UnitPrice FLOAT,
                CustomerID TEXT,
                Country TEXT
            );
             , parameters: None
[2024-09-24T03:21:33.789+0000] {taskinstance.py:441} INFO - ::group::Post task execution logs
[2024-09-24T03:21:33.797+0000] {taskinstance.py:1206} INFO - Marking task as SUCCESS. dag_id=dag_with_postgres_operator_v01, task_id=create_postgres_table, run_id=manual__2024-09-24T03:21:33.200381+00:00, execution_date=20240924T032133, start_date=20240924T032133, end_date=20240924T032133
[2024-09-24T03:21:33.842+0000] {local_task_job_runner.py:240} INFO - Task exited with return code 0
[2024-09-24T03:21:33.851+0000] {logging_mixin.py:188} WARNING - /home/***/.local/lib/python3.12/site-packages/***/models/baseoperator.py:1297 AirflowProviderDeprecationWarning: Call to deprecated class PostgresOperator. (Please use `***.providers.common.sql.operators.sql.SQLExecuteQueryOperator`.Also, you can provide `hook_params={'schema': <database>}`.)
[2024-09-24T03:21:33.858+0000] {taskinstance.py:3503} INFO - 1 downstream tasks scheduled from follow-on schedule check
[2024-09-24T03:21:33.859+0000] {local_task_job_runner.py:222} INFO - ::endgroup::
