[2024-09-23T00:19:15.529+0000] {processor.py:161} INFO - Started process (PID=89060) to work on /opt/airflow/dags/aws_function.py
[2024-09-23T00:19:15.529+0000] {processor.py:830} INFO - Processing file /opt/airflow/dags/aws_function.py for tasks to queue
[2024-09-23T00:19:15.532+0000] {logging_mixin.py:188} INFO - [2024-09-23T00:19:15.532+0000] {dagbag.py:545} INFO - Filling up the DagBag from /opt/airflow/dags/aws_function.py
[2024-09-23T00:19:15.854+0000] {processor.py:842} WARNING - No viable dags retrieved from /opt/airflow/dags/aws_function.py
[2024-09-23T00:19:15.865+0000] {processor.py:183} INFO - Processing /opt/airflow/dags/aws_function.py took 0.343 seconds
[2024-09-23T00:19:45.932+0000] {processor.py:161} INFO - Started process (PID=89076) to work on /opt/airflow/dags/aws_function.py
[2024-09-23T00:19:45.933+0000] {processor.py:830} INFO - Processing file /opt/airflow/dags/aws_function.py for tasks to queue
[2024-09-23T00:19:45.935+0000] {logging_mixin.py:188} INFO - [2024-09-23T00:19:45.934+0000] {dagbag.py:545} INFO - Filling up the DagBag from /opt/airflow/dags/aws_function.py
[2024-09-23T00:19:46.182+0000] {processor.py:842} WARNING - No viable dags retrieved from /opt/airflow/dags/aws_function.py
[2024-09-23T00:19:46.195+0000] {processor.py:183} INFO - Processing /opt/airflow/dags/aws_function.py took 0.268 seconds
[2024-09-23T00:20:16.410+0000] {processor.py:161} INFO - Started process (PID=89093) to work on /opt/airflow/dags/aws_function.py
[2024-09-23T00:20:16.411+0000] {processor.py:830} INFO - Processing file /opt/airflow/dags/aws_function.py for tasks to queue
[2024-09-23T00:20:16.414+0000] {logging_mixin.py:188} INFO - [2024-09-23T00:20:16.414+0000] {dagbag.py:545} INFO - Filling up the DagBag from /opt/airflow/dags/aws_function.py
[2024-09-23T00:20:16.820+0000] {processor.py:842} WARNING - No viable dags retrieved from /opt/airflow/dags/aws_function.py
[2024-09-23T00:20:16.835+0000] {processor.py:183} INFO - Processing /opt/airflow/dags/aws_function.py took 0.430 seconds
[2024-09-23T00:20:46.974+0000] {processor.py:161} INFO - Started process (PID=89110) to work on /opt/airflow/dags/aws_function.py
[2024-09-23T00:20:46.975+0000] {processor.py:830} INFO - Processing file /opt/airflow/dags/aws_function.py for tasks to queue
[2024-09-23T00:20:46.977+0000] {logging_mixin.py:188} INFO - [2024-09-23T00:20:46.976+0000] {dagbag.py:545} INFO - Filling up the DagBag from /opt/airflow/dags/aws_function.py
[2024-09-23T00:20:47.197+0000] {processor.py:842} WARNING - No viable dags retrieved from /opt/airflow/dags/aws_function.py
[2024-09-23T00:20:47.207+0000] {processor.py:183} INFO - Processing /opt/airflow/dags/aws_function.py took 0.241 seconds
[2024-09-23T00:21:17.552+0000] {processor.py:161} INFO - Started process (PID=89127) to work on /opt/airflow/dags/aws_function.py
[2024-09-23T00:21:17.555+0000] {processor.py:830} INFO - Processing file /opt/airflow/dags/aws_function.py for tasks to queue
[2024-09-23T00:21:17.566+0000] {logging_mixin.py:188} INFO - [2024-09-23T00:21:17.565+0000] {dagbag.py:545} INFO - Filling up the DagBag from /opt/airflow/dags/aws_function.py
[2024-09-23T00:21:20.577+0000] {processor.py:842} WARNING - No viable dags retrieved from /opt/airflow/dags/aws_function.py
[2024-09-23T00:21:20.603+0000] {processor.py:183} INFO - Processing /opt/airflow/dags/aws_function.py took 3.066 seconds
[2024-09-23T00:21:51.491+0000] {processor.py:161} INFO - Started process (PID=89146) to work on /opt/airflow/dags/aws_function.py
[2024-09-23T00:21:51.492+0000] {processor.py:830} INFO - Processing file /opt/airflow/dags/aws_function.py for tasks to queue
[2024-09-23T00:21:51.493+0000] {logging_mixin.py:188} INFO - [2024-09-23T00:21:51.493+0000] {dagbag.py:545} INFO - Filling up the DagBag from /opt/airflow/dags/aws_function.py
[2024-09-23T00:21:51.709+0000] {processor.py:842} WARNING - No viable dags retrieved from /opt/airflow/dags/aws_function.py
[2024-09-23T00:21:51.719+0000] {processor.py:183} INFO - Processing /opt/airflow/dags/aws_function.py took 0.235 seconds
[2024-09-23T00:22:21.994+0000] {processor.py:161} INFO - Started process (PID=89163) to work on /opt/airflow/dags/aws_function.py
[2024-09-23T00:22:21.995+0000] {processor.py:830} INFO - Processing file /opt/airflow/dags/aws_function.py for tasks to queue
[2024-09-23T00:22:21.997+0000] {logging_mixin.py:188} INFO - [2024-09-23T00:22:21.996+0000] {dagbag.py:545} INFO - Filling up the DagBag from /opt/airflow/dags/aws_function.py
[2024-09-23T00:22:22.207+0000] {processor.py:842} WARNING - No viable dags retrieved from /opt/airflow/dags/aws_function.py
[2024-09-23T00:22:22.217+0000] {processor.py:183} INFO - Processing /opt/airflow/dags/aws_function.py took 0.228 seconds
[2024-09-23T00:22:52.520+0000] {processor.py:161} INFO - Started process (PID=89180) to work on /opt/airflow/dags/aws_function.py
[2024-09-23T00:22:52.521+0000] {processor.py:830} INFO - Processing file /opt/airflow/dags/aws_function.py for tasks to queue
[2024-09-23T00:22:52.524+0000] {logging_mixin.py:188} INFO - [2024-09-23T00:22:52.523+0000] {dagbag.py:545} INFO - Filling up the DagBag from /opt/airflow/dags/aws_function.py
[2024-09-23T00:22:52.727+0000] {processor.py:842} WARNING - No viable dags retrieved from /opt/airflow/dags/aws_function.py
[2024-09-23T00:22:52.737+0000] {processor.py:183} INFO - Processing /opt/airflow/dags/aws_function.py took 0.226 seconds
[2024-09-23T00:23:23.050+0000] {processor.py:161} INFO - Started process (PID=89197) to work on /opt/airflow/dags/aws_function.py
[2024-09-23T00:23:23.051+0000] {processor.py:830} INFO - Processing file /opt/airflow/dags/aws_function.py for tasks to queue
[2024-09-23T00:23:23.053+0000] {logging_mixin.py:188} INFO - [2024-09-23T00:23:23.053+0000] {dagbag.py:545} INFO - Filling up the DagBag from /opt/airflow/dags/aws_function.py
[2024-09-23T00:23:23.306+0000] {processor.py:842} WARNING - No viable dags retrieved from /opt/airflow/dags/aws_function.py
[2024-09-23T00:23:23.317+0000] {processor.py:183} INFO - Processing /opt/airflow/dags/aws_function.py took 0.275 seconds
[2024-09-23T00:23:53.393+0000] {processor.py:161} INFO - Started process (PID=89214) to work on /opt/airflow/dags/aws_function.py
[2024-09-23T00:23:53.394+0000] {processor.py:830} INFO - Processing file /opt/airflow/dags/aws_function.py for tasks to queue
[2024-09-23T00:23:53.396+0000] {logging_mixin.py:188} INFO - [2024-09-23T00:23:53.396+0000] {dagbag.py:545} INFO - Filling up the DagBag from /opt/airflow/dags/aws_function.py
[2024-09-23T00:23:53.608+0000] {processor.py:842} WARNING - No viable dags retrieved from /opt/airflow/dags/aws_function.py
[2024-09-23T00:23:53.618+0000] {processor.py:183} INFO - Processing /opt/airflow/dags/aws_function.py took 0.234 seconds
[2024-09-23T00:24:23.922+0000] {processor.py:161} INFO - Started process (PID=89231) to work on /opt/airflow/dags/aws_function.py
[2024-09-23T00:24:23.924+0000] {processor.py:830} INFO - Processing file /opt/airflow/dags/aws_function.py for tasks to queue
[2024-09-23T00:24:23.926+0000] {logging_mixin.py:188} INFO - [2024-09-23T00:24:23.925+0000] {dagbag.py:545} INFO - Filling up the DagBag from /opt/airflow/dags/aws_function.py
[2024-09-23T00:24:24.184+0000] {processor.py:842} WARNING - No viable dags retrieved from /opt/airflow/dags/aws_function.py
[2024-09-23T00:24:24.204+0000] {processor.py:183} INFO - Processing /opt/airflow/dags/aws_function.py took 0.290 seconds
[2024-09-23T00:24:54.513+0000] {processor.py:161} INFO - Started process (PID=89248) to work on /opt/airflow/dags/aws_function.py
[2024-09-23T00:24:54.514+0000] {processor.py:830} INFO - Processing file /opt/airflow/dags/aws_function.py for tasks to queue
[2024-09-23T00:24:54.516+0000] {logging_mixin.py:188} INFO - [2024-09-23T00:24:54.516+0000] {dagbag.py:545} INFO - Filling up the DagBag from /opt/airflow/dags/aws_function.py
[2024-09-23T00:24:54.776+0000] {processor.py:842} WARNING - No viable dags retrieved from /opt/airflow/dags/aws_function.py
[2024-09-23T00:24:54.788+0000] {processor.py:183} INFO - Processing /opt/airflow/dags/aws_function.py took 0.282 seconds
[2024-09-23T00:25:24.928+0000] {processor.py:161} INFO - Started process (PID=89265) to work on /opt/airflow/dags/aws_function.py
[2024-09-23T00:25:24.929+0000] {processor.py:830} INFO - Processing file /opt/airflow/dags/aws_function.py for tasks to queue
[2024-09-23T00:25:24.931+0000] {logging_mixin.py:188} INFO - [2024-09-23T00:25:24.931+0000] {dagbag.py:545} INFO - Filling up the DagBag from /opt/airflow/dags/aws_function.py
[2024-09-23T00:25:25.138+0000] {processor.py:842} WARNING - No viable dags retrieved from /opt/airflow/dags/aws_function.py
[2024-09-23T00:25:25.147+0000] {processor.py:183} INFO - Processing /opt/airflow/dags/aws_function.py took 0.227 seconds
[2024-09-23T00:25:55.443+0000] {processor.py:161} INFO - Started process (PID=89282) to work on /opt/airflow/dags/aws_function.py
[2024-09-23T00:25:55.444+0000] {processor.py:830} INFO - Processing file /opt/airflow/dags/aws_function.py for tasks to queue
[2024-09-23T00:25:55.446+0000] {logging_mixin.py:188} INFO - [2024-09-23T00:25:55.445+0000] {dagbag.py:545} INFO - Filling up the DagBag from /opt/airflow/dags/aws_function.py
[2024-09-23T00:25:55.667+0000] {processor.py:842} WARNING - No viable dags retrieved from /opt/airflow/dags/aws_function.py
[2024-09-23T00:25:55.678+0000] {processor.py:183} INFO - Processing /opt/airflow/dags/aws_function.py took 0.241 seconds
[2024-09-23T00:26:25.998+0000] {processor.py:161} INFO - Started process (PID=89299) to work on /opt/airflow/dags/aws_function.py
[2024-09-23T00:26:26.000+0000] {processor.py:830} INFO - Processing file /opt/airflow/dags/aws_function.py for tasks to queue
[2024-09-23T00:26:26.002+0000] {logging_mixin.py:188} INFO - [2024-09-23T00:26:26.001+0000] {dagbag.py:545} INFO - Filling up the DagBag from /opt/airflow/dags/aws_function.py
[2024-09-23T00:26:26.220+0000] {processor.py:842} WARNING - No viable dags retrieved from /opt/airflow/dags/aws_function.py
[2024-09-23T00:26:26.231+0000] {processor.py:183} INFO - Processing /opt/airflow/dags/aws_function.py took 0.239 seconds
[2024-09-23T00:26:56.338+0000] {processor.py:161} INFO - Started process (PID=89316) to work on /opt/airflow/dags/aws_function.py
[2024-09-23T00:26:56.339+0000] {processor.py:830} INFO - Processing file /opt/airflow/dags/aws_function.py for tasks to queue
[2024-09-23T00:26:56.341+0000] {logging_mixin.py:188} INFO - [2024-09-23T00:26:56.341+0000] {dagbag.py:545} INFO - Filling up the DagBag from /opt/airflow/dags/aws_function.py
[2024-09-23T00:26:56.558+0000] {processor.py:842} WARNING - No viable dags retrieved from /opt/airflow/dags/aws_function.py
[2024-09-23T00:26:56.568+0000] {processor.py:183} INFO - Processing /opt/airflow/dags/aws_function.py took 0.238 seconds
[2024-09-23T00:28:34.309+0000] {processor.py:161} INFO - Started process (PID=89331) to work on /opt/airflow/dags/aws_function.py
[2024-09-23T00:28:34.310+0000] {processor.py:830} INFO - Processing file /opt/airflow/dags/aws_function.py for tasks to queue
[2024-09-23T00:28:34.312+0000] {logging_mixin.py:188} INFO - [2024-09-23T00:28:34.312+0000] {dagbag.py:545} INFO - Filling up the DagBag from /opt/airflow/dags/aws_function.py
[2024-09-23T00:28:34.610+0000] {processor.py:842} WARNING - No viable dags retrieved from /opt/airflow/dags/aws_function.py
[2024-09-23T00:28:34.620+0000] {processor.py:183} INFO - Processing /opt/airflow/dags/aws_function.py took 0.321 seconds
[2024-09-23T00:29:04.836+0000] {processor.py:161} INFO - Started process (PID=89348) to work on /opt/airflow/dags/aws_function.py
[2024-09-23T00:29:04.837+0000] {processor.py:830} INFO - Processing file /opt/airflow/dags/aws_function.py for tasks to queue
[2024-09-23T00:29:04.839+0000] {logging_mixin.py:188} INFO - [2024-09-23T00:29:04.839+0000] {dagbag.py:545} INFO - Filling up the DagBag from /opt/airflow/dags/aws_function.py
[2024-09-23T00:29:05.059+0000] {processor.py:842} WARNING - No viable dags retrieved from /opt/airflow/dags/aws_function.py
[2024-09-23T00:29:05.070+0000] {processor.py:183} INFO - Processing /opt/airflow/dags/aws_function.py took 0.242 seconds
[2024-09-23T00:29:35.347+0000] {processor.py:161} INFO - Started process (PID=89364) to work on /opt/airflow/dags/aws_function.py
[2024-09-23T00:29:35.348+0000] {processor.py:830} INFO - Processing file /opt/airflow/dags/aws_function.py for tasks to queue
[2024-09-23T00:29:35.351+0000] {logging_mixin.py:188} INFO - [2024-09-23T00:29:35.351+0000] {dagbag.py:545} INFO - Filling up the DagBag from /opt/airflow/dags/aws_function.py
[2024-09-23T00:29:35.588+0000] {processor.py:842} WARNING - No viable dags retrieved from /opt/airflow/dags/aws_function.py
[2024-09-23T00:29:35.598+0000] {processor.py:183} INFO - Processing /opt/airflow/dags/aws_function.py took 0.258 seconds
[2024-09-23T00:30:05.856+0000] {processor.py:161} INFO - Started process (PID=89381) to work on /opt/airflow/dags/aws_function.py
[2024-09-23T00:30:05.857+0000] {processor.py:830} INFO - Processing file /opt/airflow/dags/aws_function.py for tasks to queue
[2024-09-23T00:30:05.859+0000] {logging_mixin.py:188} INFO - [2024-09-23T00:30:05.859+0000] {dagbag.py:545} INFO - Filling up the DagBag from /opt/airflow/dags/aws_function.py
[2024-09-23T00:30:06.206+0000] {processor.py:842} WARNING - No viable dags retrieved from /opt/airflow/dags/aws_function.py
[2024-09-23T00:30:06.219+0000] {processor.py:183} INFO - Processing /opt/airflow/dags/aws_function.py took 0.371 seconds
[2024-09-23T00:30:36.400+0000] {processor.py:161} INFO - Started process (PID=89398) to work on /opt/airflow/dags/aws_function.py
[2024-09-23T00:30:36.401+0000] {processor.py:830} INFO - Processing file /opt/airflow/dags/aws_function.py for tasks to queue
[2024-09-23T00:30:36.403+0000] {logging_mixin.py:188} INFO - [2024-09-23T00:30:36.402+0000] {dagbag.py:545} INFO - Filling up the DagBag from /opt/airflow/dags/aws_function.py
[2024-09-23T00:30:36.613+0000] {processor.py:842} WARNING - No viable dags retrieved from /opt/airflow/dags/aws_function.py
[2024-09-23T00:30:36.624+0000] {processor.py:183} INFO - Processing /opt/airflow/dags/aws_function.py took 0.228 seconds
[2024-09-23T00:31:06.809+0000] {processor.py:161} INFO - Started process (PID=89415) to work on /opt/airflow/dags/aws_function.py
[2024-09-23T00:31:06.810+0000] {processor.py:830} INFO - Processing file /opt/airflow/dags/aws_function.py for tasks to queue
[2024-09-23T00:31:06.811+0000] {logging_mixin.py:188} INFO - [2024-09-23T00:31:06.811+0000] {dagbag.py:545} INFO - Filling up the DagBag from /opt/airflow/dags/aws_function.py
[2024-09-23T00:31:07.011+0000] {processor.py:842} WARNING - No viable dags retrieved from /opt/airflow/dags/aws_function.py
[2024-09-23T00:31:07.021+0000] {processor.py:183} INFO - Processing /opt/airflow/dags/aws_function.py took 0.217 seconds
[2024-09-23T00:31:37.235+0000] {processor.py:161} INFO - Started process (PID=89432) to work on /opt/airflow/dags/aws_function.py
[2024-09-23T00:31:37.236+0000] {processor.py:830} INFO - Processing file /opt/airflow/dags/aws_function.py for tasks to queue
[2024-09-23T00:31:37.238+0000] {logging_mixin.py:188} INFO - [2024-09-23T00:31:37.238+0000] {dagbag.py:545} INFO - Filling up the DagBag from /opt/airflow/dags/aws_function.py
[2024-09-23T00:31:37.450+0000] {processor.py:842} WARNING - No viable dags retrieved from /opt/airflow/dags/aws_function.py
[2024-09-23T00:31:37.460+0000] {processor.py:183} INFO - Processing /opt/airflow/dags/aws_function.py took 0.230 seconds
[2024-09-23T00:32:07.677+0000] {processor.py:161} INFO - Started process (PID=89449) to work on /opt/airflow/dags/aws_function.py
[2024-09-23T00:32:07.677+0000] {processor.py:830} INFO - Processing file /opt/airflow/dags/aws_function.py for tasks to queue
[2024-09-23T00:32:07.680+0000] {logging_mixin.py:188} INFO - [2024-09-23T00:32:07.680+0000] {dagbag.py:545} INFO - Filling up the DagBag from /opt/airflow/dags/aws_function.py
[2024-09-23T00:32:07.922+0000] {processor.py:842} WARNING - No viable dags retrieved from /opt/airflow/dags/aws_function.py
[2024-09-23T00:32:07.934+0000] {processor.py:183} INFO - Processing /opt/airflow/dags/aws_function.py took 0.263 seconds
[2024-09-23T00:32:38.248+0000] {processor.py:161} INFO - Started process (PID=89466) to work on /opt/airflow/dags/aws_function.py
[2024-09-23T00:32:38.250+0000] {processor.py:830} INFO - Processing file /opt/airflow/dags/aws_function.py for tasks to queue
[2024-09-23T00:32:38.253+0000] {logging_mixin.py:188} INFO - [2024-09-23T00:32:38.252+0000] {dagbag.py:545} INFO - Filling up the DagBag from /opt/airflow/dags/aws_function.py
[2024-09-23T00:32:38.577+0000] {processor.py:842} WARNING - No viable dags retrieved from /opt/airflow/dags/aws_function.py
[2024-09-23T00:32:38.590+0000] {processor.py:183} INFO - Processing /opt/airflow/dags/aws_function.py took 0.350 seconds
[2024-09-23T00:33:08.804+0000] {processor.py:161} INFO - Started process (PID=89483) to work on /opt/airflow/dags/aws_function.py
[2024-09-23T00:33:08.804+0000] {processor.py:830} INFO - Processing file /opt/airflow/dags/aws_function.py for tasks to queue
[2024-09-23T00:33:08.806+0000] {logging_mixin.py:188} INFO - [2024-09-23T00:33:08.805+0000] {dagbag.py:545} INFO - Filling up the DagBag from /opt/airflow/dags/aws_function.py
[2024-09-23T00:33:09.096+0000] {processor.py:842} WARNING - No viable dags retrieved from /opt/airflow/dags/aws_function.py
[2024-09-23T00:33:09.107+0000] {processor.py:183} INFO - Processing /opt/airflow/dags/aws_function.py took 0.309 seconds
[2024-09-23T00:33:39.307+0000] {processor.py:161} INFO - Started process (PID=89500) to work on /opt/airflow/dags/aws_function.py
[2024-09-23T00:33:39.308+0000] {processor.py:830} INFO - Processing file /opt/airflow/dags/aws_function.py for tasks to queue
[2024-09-23T00:33:39.310+0000] {logging_mixin.py:188} INFO - [2024-09-23T00:33:39.310+0000] {dagbag.py:545} INFO - Filling up the DagBag from /opt/airflow/dags/aws_function.py
[2024-09-23T00:33:39.800+0000] {processor.py:842} WARNING - No viable dags retrieved from /opt/airflow/dags/aws_function.py
[2024-09-23T00:33:39.811+0000] {processor.py:183} INFO - Processing /opt/airflow/dags/aws_function.py took 0.509 seconds
[2024-09-23T00:34:09.906+0000] {processor.py:161} INFO - Started process (PID=89519) to work on /opt/airflow/dags/aws_function.py
[2024-09-23T00:34:09.907+0000] {processor.py:830} INFO - Processing file /opt/airflow/dags/aws_function.py for tasks to queue
[2024-09-23T00:34:09.908+0000] {logging_mixin.py:188} INFO - [2024-09-23T00:34:09.907+0000] {dagbag.py:545} INFO - Filling up the DagBag from /opt/airflow/dags/aws_function.py
[2024-09-23T00:34:10.158+0000] {processor.py:842} WARNING - No viable dags retrieved from /opt/airflow/dags/aws_function.py
[2024-09-23T00:34:10.169+0000] {processor.py:183} INFO - Processing /opt/airflow/dags/aws_function.py took 0.267 seconds
[2024-09-23T00:34:40.222+0000] {processor.py:161} INFO - Started process (PID=89534) to work on /opt/airflow/dags/aws_function.py
[2024-09-23T00:34:40.223+0000] {processor.py:830} INFO - Processing file /opt/airflow/dags/aws_function.py for tasks to queue
[2024-09-23T00:34:40.225+0000] {logging_mixin.py:188} INFO - [2024-09-23T00:34:40.225+0000] {dagbag.py:545} INFO - Filling up the DagBag from /opt/airflow/dags/aws_function.py
[2024-09-23T00:34:40.460+0000] {processor.py:842} WARNING - No viable dags retrieved from /opt/airflow/dags/aws_function.py
[2024-09-23T00:34:40.471+0000] {processor.py:183} INFO - Processing /opt/airflow/dags/aws_function.py took 0.256 seconds
[2024-09-23T00:35:10.687+0000] {processor.py:161} INFO - Started process (PID=89550) to work on /opt/airflow/dags/aws_function.py
[2024-09-23T00:35:10.688+0000] {processor.py:830} INFO - Processing file /opt/airflow/dags/aws_function.py for tasks to queue
[2024-09-23T00:35:10.690+0000] {logging_mixin.py:188} INFO - [2024-09-23T00:35:10.690+0000] {dagbag.py:545} INFO - Filling up the DagBag from /opt/airflow/dags/aws_function.py
[2024-09-23T00:35:10.963+0000] {processor.py:842} WARNING - No viable dags retrieved from /opt/airflow/dags/aws_function.py
[2024-09-23T00:35:10.977+0000] {processor.py:183} INFO - Processing /opt/airflow/dags/aws_function.py took 0.297 seconds
[2024-09-23T00:35:41.215+0000] {processor.py:161} INFO - Started process (PID=89567) to work on /opt/airflow/dags/aws_function.py
[2024-09-23T00:35:41.216+0000] {processor.py:830} INFO - Processing file /opt/airflow/dags/aws_function.py for tasks to queue
[2024-09-23T00:35:41.219+0000] {logging_mixin.py:188} INFO - [2024-09-23T00:35:41.219+0000] {dagbag.py:545} INFO - Filling up the DagBag from /opt/airflow/dags/aws_function.py
[2024-09-23T00:35:41.447+0000] {processor.py:842} WARNING - No viable dags retrieved from /opt/airflow/dags/aws_function.py
[2024-09-23T00:35:41.458+0000] {processor.py:183} INFO - Processing /opt/airflow/dags/aws_function.py took 0.251 seconds
[2024-09-23T00:36:12.108+0000] {processor.py:161} INFO - Started process (PID=89584) to work on /opt/airflow/dags/aws_function.py
[2024-09-23T00:36:12.109+0000] {processor.py:830} INFO - Processing file /opt/airflow/dags/aws_function.py for tasks to queue
[2024-09-23T00:36:12.113+0000] {logging_mixin.py:188} INFO - [2024-09-23T00:36:12.113+0000] {dagbag.py:545} INFO - Filling up the DagBag from /opt/airflow/dags/aws_function.py
[2024-09-23T00:36:12.392+0000] {processor.py:842} WARNING - No viable dags retrieved from /opt/airflow/dags/aws_function.py
[2024-09-23T00:36:12.402+0000] {processor.py:183} INFO - Processing /opt/airflow/dags/aws_function.py took 0.303 seconds
[2024-09-23T00:57:38.537+0000] {processor.py:161} INFO - Started process (PID=89601) to work on /opt/airflow/dags/aws_function.py
[2024-09-23T00:57:38.538+0000] {processor.py:830} INFO - Processing file /opt/airflow/dags/aws_function.py for tasks to queue
[2024-09-23T00:57:38.539+0000] {logging_mixin.py:188} INFO - [2024-09-23T00:57:38.539+0000] {dagbag.py:545} INFO - Filling up the DagBag from /opt/airflow/dags/aws_function.py
[2024-09-23T00:57:38.742+0000] {processor.py:842} WARNING - No viable dags retrieved from /opt/airflow/dags/aws_function.py
[2024-09-23T00:57:38.751+0000] {processor.py:183} INFO - Processing /opt/airflow/dags/aws_function.py took 0.218 seconds
[2024-09-23T01:05:02.173+0000] {processor.py:161} INFO - Started process (PID=89618) to work on /opt/airflow/dags/aws_function.py
[2024-09-23T01:05:02.175+0000] {processor.py:830} INFO - Processing file /opt/airflow/dags/aws_function.py for tasks to queue
[2024-09-23T01:05:02.178+0000] {logging_mixin.py:188} INFO - [2024-09-23T01:05:02.177+0000] {dagbag.py:545} INFO - Filling up the DagBag from /opt/airflow/dags/aws_function.py
[2024-09-23T01:05:02.430+0000] {processor.py:842} WARNING - No viable dags retrieved from /opt/airflow/dags/aws_function.py
[2024-09-23T01:05:02.440+0000] {processor.py:183} INFO - Processing /opt/airflow/dags/aws_function.py took 0.274 seconds
[2024-09-23T01:49:31.440+0000] {processor.py:161} INFO - Started process (PID=89634) to work on /opt/airflow/dags/aws_function.py
[2024-09-23T01:49:31.441+0000] {processor.py:830} INFO - Processing file /opt/airflow/dags/aws_function.py for tasks to queue
[2024-09-23T01:49:31.444+0000] {logging_mixin.py:188} INFO - [2024-09-23T01:49:31.444+0000] {dagbag.py:545} INFO - Filling up the DagBag from /opt/airflow/dags/aws_function.py
[2024-09-23T01:49:31.749+0000] {processor.py:842} WARNING - No viable dags retrieved from /opt/airflow/dags/aws_function.py
[2024-09-23T01:49:31.759+0000] {processor.py:183} INFO - Processing /opt/airflow/dags/aws_function.py took 0.326 seconds
[2024-09-23T01:50:01.953+0000] {processor.py:161} INFO - Started process (PID=89651) to work on /opt/airflow/dags/aws_function.py
[2024-09-23T01:50:01.955+0000] {processor.py:830} INFO - Processing file /opt/airflow/dags/aws_function.py for tasks to queue
[2024-09-23T01:50:01.964+0000] {logging_mixin.py:188} INFO - [2024-09-23T01:50:01.963+0000] {dagbag.py:545} INFO - Filling up the DagBag from /opt/airflow/dags/aws_function.py
[2024-09-23T01:50:02.285+0000] {processor.py:842} WARNING - No viable dags retrieved from /opt/airflow/dags/aws_function.py
[2024-09-23T01:50:02.297+0000] {processor.py:183} INFO - Processing /opt/airflow/dags/aws_function.py took 0.353 seconds
[2024-09-23T01:50:32.453+0000] {processor.py:161} INFO - Started process (PID=89668) to work on /opt/airflow/dags/aws_function.py
[2024-09-23T01:50:32.454+0000] {processor.py:830} INFO - Processing file /opt/airflow/dags/aws_function.py for tasks to queue
[2024-09-23T01:50:32.456+0000] {logging_mixin.py:188} INFO - [2024-09-23T01:50:32.455+0000] {dagbag.py:545} INFO - Filling up the DagBag from /opt/airflow/dags/aws_function.py
[2024-09-23T01:50:33.012+0000] {processor.py:842} WARNING - No viable dags retrieved from /opt/airflow/dags/aws_function.py
[2024-09-23T01:50:33.051+0000] {processor.py:183} INFO - Processing /opt/airflow/dags/aws_function.py took 0.604 seconds
[2024-09-23T01:51:03.098+0000] {processor.py:161} INFO - Started process (PID=89687) to work on /opt/airflow/dags/aws_function.py
[2024-09-23T01:51:03.098+0000] {processor.py:830} INFO - Processing file /opt/airflow/dags/aws_function.py for tasks to queue
[2024-09-23T01:51:03.100+0000] {logging_mixin.py:188} INFO - [2024-09-23T01:51:03.100+0000] {dagbag.py:545} INFO - Filling up the DagBag from /opt/airflow/dags/aws_function.py
[2024-09-23T01:51:03.367+0000] {processor.py:842} WARNING - No viable dags retrieved from /opt/airflow/dags/aws_function.py
[2024-09-23T01:51:03.380+0000] {processor.py:183} INFO - Processing /opt/airflow/dags/aws_function.py took 0.287 seconds
[2024-09-23T01:51:33.560+0000] {processor.py:161} INFO - Started process (PID=89704) to work on /opt/airflow/dags/aws_function.py
[2024-09-23T01:51:33.561+0000] {processor.py:830} INFO - Processing file /opt/airflow/dags/aws_function.py for tasks to queue
[2024-09-23T01:51:33.562+0000] {logging_mixin.py:188} INFO - [2024-09-23T01:51:33.562+0000] {dagbag.py:545} INFO - Filling up the DagBag from /opt/airflow/dags/aws_function.py
[2024-09-23T01:51:33.808+0000] {processor.py:842} WARNING - No viable dags retrieved from /opt/airflow/dags/aws_function.py
[2024-09-23T01:51:33.819+0000] {processor.py:183} INFO - Processing /opt/airflow/dags/aws_function.py took 0.264 seconds
[2024-09-23T01:52:04.091+0000] {processor.py:161} INFO - Started process (PID=89721) to work on /opt/airflow/dags/aws_function.py
[2024-09-23T01:52:04.092+0000] {processor.py:830} INFO - Processing file /opt/airflow/dags/aws_function.py for tasks to queue
[2024-09-23T01:52:04.093+0000] {logging_mixin.py:188} INFO - [2024-09-23T01:52:04.093+0000] {dagbag.py:545} INFO - Filling up the DagBag from /opt/airflow/dags/aws_function.py
[2024-09-23T01:52:04.386+0000] {processor.py:842} WARNING - No viable dags retrieved from /opt/airflow/dags/aws_function.py
[2024-09-23T01:52:04.397+0000] {processor.py:183} INFO - Processing /opt/airflow/dags/aws_function.py took 0.311 seconds
[2024-09-23T01:52:34.607+0000] {processor.py:161} INFO - Started process (PID=89738) to work on /opt/airflow/dags/aws_function.py
[2024-09-23T01:52:34.608+0000] {processor.py:830} INFO - Processing file /opt/airflow/dags/aws_function.py for tasks to queue
[2024-09-23T01:52:34.611+0000] {logging_mixin.py:188} INFO - [2024-09-23T01:52:34.610+0000] {dagbag.py:545} INFO - Filling up the DagBag from /opt/airflow/dags/aws_function.py
[2024-09-23T01:52:34.875+0000] {processor.py:842} WARNING - No viable dags retrieved from /opt/airflow/dags/aws_function.py
[2024-09-23T01:52:34.886+0000] {processor.py:183} INFO - Processing /opt/airflow/dags/aws_function.py took 0.285 seconds
[2024-09-23T01:53:05.027+0000] {processor.py:161} INFO - Started process (PID=89755) to work on /opt/airflow/dags/aws_function.py
[2024-09-23T01:53:05.028+0000] {processor.py:830} INFO - Processing file /opt/airflow/dags/aws_function.py for tasks to queue
[2024-09-23T01:53:05.030+0000] {logging_mixin.py:188} INFO - [2024-09-23T01:53:05.030+0000] {dagbag.py:545} INFO - Filling up the DagBag from /opt/airflow/dags/aws_function.py
[2024-09-23T01:53:05.246+0000] {processor.py:842} WARNING - No viable dags retrieved from /opt/airflow/dags/aws_function.py
[2024-09-23T01:53:05.258+0000] {processor.py:183} INFO - Processing /opt/airflow/dags/aws_function.py took 0.236 seconds
[2024-09-23T01:53:35.335+0000] {processor.py:161} INFO - Started process (PID=89770) to work on /opt/airflow/dags/aws_function.py
[2024-09-23T01:53:35.338+0000] {processor.py:830} INFO - Processing file /opt/airflow/dags/aws_function.py for tasks to queue
[2024-09-23T01:53:35.342+0000] {logging_mixin.py:188} INFO - [2024-09-23T01:53:35.342+0000] {dagbag.py:545} INFO - Filling up the DagBag from /opt/airflow/dags/aws_function.py
[2024-09-23T01:53:35.689+0000] {processor.py:842} WARNING - No viable dags retrieved from /opt/airflow/dags/aws_function.py
[2024-09-23T01:53:35.701+0000] {processor.py:183} INFO - Processing /opt/airflow/dags/aws_function.py took 0.374 seconds
[2024-09-23T01:54:05.869+0000] {processor.py:161} INFO - Started process (PID=89787) to work on /opt/airflow/dags/aws_function.py
[2024-09-23T01:54:05.870+0000] {processor.py:830} INFO - Processing file /opt/airflow/dags/aws_function.py for tasks to queue
[2024-09-23T01:54:05.871+0000] {logging_mixin.py:188} INFO - [2024-09-23T01:54:05.871+0000] {dagbag.py:545} INFO - Filling up the DagBag from /opt/airflow/dags/aws_function.py
[2024-09-23T01:54:06.102+0000] {processor.py:842} WARNING - No viable dags retrieved from /opt/airflow/dags/aws_function.py
[2024-09-23T01:54:06.114+0000] {processor.py:183} INFO - Processing /opt/airflow/dags/aws_function.py took 0.251 seconds
[2024-09-23T01:54:36.403+0000] {processor.py:161} INFO - Started process (PID=89804) to work on /opt/airflow/dags/aws_function.py
[2024-09-23T01:54:36.404+0000] {processor.py:830} INFO - Processing file /opt/airflow/dags/aws_function.py for tasks to queue
[2024-09-23T01:54:36.408+0000] {logging_mixin.py:188} INFO - [2024-09-23T01:54:36.407+0000] {dagbag.py:545} INFO - Filling up the DagBag from /opt/airflow/dags/aws_function.py
[2024-09-23T01:54:36.708+0000] {processor.py:842} WARNING - No viable dags retrieved from /opt/airflow/dags/aws_function.py
[2024-09-23T01:54:36.720+0000] {processor.py:183} INFO - Processing /opt/airflow/dags/aws_function.py took 0.327 seconds
[2024-09-23T01:55:06.882+0000] {processor.py:161} INFO - Started process (PID=89821) to work on /opt/airflow/dags/aws_function.py
[2024-09-23T01:55:06.882+0000] {processor.py:830} INFO - Processing file /opt/airflow/dags/aws_function.py for tasks to queue
[2024-09-23T01:55:06.884+0000] {logging_mixin.py:188} INFO - [2024-09-23T01:55:06.884+0000] {dagbag.py:545} INFO - Filling up the DagBag from /opt/airflow/dags/aws_function.py
[2024-09-23T01:55:07.092+0000] {processor.py:842} WARNING - No viable dags retrieved from /opt/airflow/dags/aws_function.py
[2024-09-23T01:55:07.102+0000] {processor.py:183} INFO - Processing /opt/airflow/dags/aws_function.py took 0.224 seconds
[2024-09-23T01:55:37.356+0000] {processor.py:161} INFO - Started process (PID=89838) to work on /opt/airflow/dags/aws_function.py
[2024-09-23T01:55:37.357+0000] {processor.py:830} INFO - Processing file /opt/airflow/dags/aws_function.py for tasks to queue
[2024-09-23T01:55:37.360+0000] {logging_mixin.py:188} INFO - [2024-09-23T01:55:37.359+0000] {dagbag.py:545} INFO - Filling up the DagBag from /opt/airflow/dags/aws_function.py
[2024-09-23T01:55:37.621+0000] {processor.py:842} WARNING - No viable dags retrieved from /opt/airflow/dags/aws_function.py
[2024-09-23T01:55:37.631+0000] {processor.py:183} INFO - Processing /opt/airflow/dags/aws_function.py took 0.281 seconds
[2024-09-23T01:56:07.824+0000] {processor.py:161} INFO - Started process (PID=89854) to work on /opt/airflow/dags/aws_function.py
[2024-09-23T01:56:07.825+0000] {processor.py:830} INFO - Processing file /opt/airflow/dags/aws_function.py for tasks to queue
[2024-09-23T01:56:07.826+0000] {logging_mixin.py:188} INFO - [2024-09-23T01:56:07.826+0000] {dagbag.py:545} INFO - Filling up the DagBag from /opt/airflow/dags/aws_function.py
[2024-09-23T01:56:08.026+0000] {processor.py:842} WARNING - No viable dags retrieved from /opt/airflow/dags/aws_function.py
[2024-09-23T01:56:08.035+0000] {processor.py:183} INFO - Processing /opt/airflow/dags/aws_function.py took 0.217 seconds
[2024-09-23T01:56:38.319+0000] {processor.py:161} INFO - Started process (PID=89871) to work on /opt/airflow/dags/aws_function.py
[2024-09-23T01:56:38.320+0000] {processor.py:830} INFO - Processing file /opt/airflow/dags/aws_function.py for tasks to queue
[2024-09-23T01:56:38.322+0000] {logging_mixin.py:188} INFO - [2024-09-23T01:56:38.322+0000] {dagbag.py:545} INFO - Filling up the DagBag from /opt/airflow/dags/aws_function.py
[2024-09-23T01:56:38.538+0000] {processor.py:842} WARNING - No viable dags retrieved from /opt/airflow/dags/aws_function.py
[2024-09-23T01:56:38.547+0000] {processor.py:183} INFO - Processing /opt/airflow/dags/aws_function.py took 0.234 seconds
[2024-09-23T01:57:08.785+0000] {processor.py:161} INFO - Started process (PID=89888) to work on /opt/airflow/dags/aws_function.py
[2024-09-23T01:57:08.786+0000] {processor.py:830} INFO - Processing file /opt/airflow/dags/aws_function.py for tasks to queue
[2024-09-23T01:57:08.788+0000] {logging_mixin.py:188} INFO - [2024-09-23T01:57:08.788+0000] {dagbag.py:545} INFO - Filling up the DagBag from /opt/airflow/dags/aws_function.py
[2024-09-23T01:57:08.984+0000] {processor.py:842} WARNING - No viable dags retrieved from /opt/airflow/dags/aws_function.py
[2024-09-23T01:57:08.994+0000] {processor.py:183} INFO - Processing /opt/airflow/dags/aws_function.py took 0.215 seconds
[2024-09-23T01:57:39.287+0000] {processor.py:161} INFO - Started process (PID=89905) to work on /opt/airflow/dags/aws_function.py
[2024-09-23T01:57:39.288+0000] {processor.py:830} INFO - Processing file /opt/airflow/dags/aws_function.py for tasks to queue
[2024-09-23T01:57:39.289+0000] {logging_mixin.py:188} INFO - [2024-09-23T01:57:39.289+0000] {dagbag.py:545} INFO - Filling up the DagBag from /opt/airflow/dags/aws_function.py
[2024-09-23T01:57:39.541+0000] {processor.py:842} WARNING - No viable dags retrieved from /opt/airflow/dags/aws_function.py
[2024-09-23T01:57:39.551+0000] {processor.py:183} INFO - Processing /opt/airflow/dags/aws_function.py took 0.282 seconds
[2024-09-23T01:58:09.788+0000] {processor.py:161} INFO - Started process (PID=89922) to work on /opt/airflow/dags/aws_function.py
[2024-09-23T01:58:09.789+0000] {processor.py:830} INFO - Processing file /opt/airflow/dags/aws_function.py for tasks to queue
[2024-09-23T01:58:09.790+0000] {logging_mixin.py:188} INFO - [2024-09-23T01:58:09.790+0000] {dagbag.py:545} INFO - Filling up the DagBag from /opt/airflow/dags/aws_function.py
[2024-09-23T01:58:09.989+0000] {processor.py:842} WARNING - No viable dags retrieved from /opt/airflow/dags/aws_function.py
[2024-09-23T01:58:09.999+0000] {processor.py:183} INFO - Processing /opt/airflow/dags/aws_function.py took 0.216 seconds
[2024-09-23T01:58:40.207+0000] {processor.py:161} INFO - Started process (PID=89939) to work on /opt/airflow/dags/aws_function.py
[2024-09-23T01:58:40.207+0000] {processor.py:830} INFO - Processing file /opt/airflow/dags/aws_function.py for tasks to queue
[2024-09-23T01:58:40.209+0000] {logging_mixin.py:188} INFO - [2024-09-23T01:58:40.209+0000] {dagbag.py:545} INFO - Filling up the DagBag from /opt/airflow/dags/aws_function.py
[2024-09-23T01:58:40.404+0000] {processor.py:842} WARNING - No viable dags retrieved from /opt/airflow/dags/aws_function.py
[2024-09-23T01:58:40.414+0000] {processor.py:183} INFO - Processing /opt/airflow/dags/aws_function.py took 0.213 seconds
[2024-09-23T01:59:10.657+0000] {processor.py:161} INFO - Started process (PID=89956) to work on /opt/airflow/dags/aws_function.py
[2024-09-23T01:59:10.658+0000] {processor.py:830} INFO - Processing file /opt/airflow/dags/aws_function.py for tasks to queue
[2024-09-23T01:59:10.660+0000] {logging_mixin.py:188} INFO - [2024-09-23T01:59:10.659+0000] {dagbag.py:545} INFO - Filling up the DagBag from /opt/airflow/dags/aws_function.py
[2024-09-23T01:59:10.866+0000] {processor.py:842} WARNING - No viable dags retrieved from /opt/airflow/dags/aws_function.py
[2024-09-23T01:59:10.877+0000] {processor.py:183} INFO - Processing /opt/airflow/dags/aws_function.py took 0.227 seconds
[2024-09-23T01:59:41.176+0000] {processor.py:161} INFO - Started process (PID=89973) to work on /opt/airflow/dags/aws_function.py
[2024-09-23T01:59:41.177+0000] {processor.py:830} INFO - Processing file /opt/airflow/dags/aws_function.py for tasks to queue
[2024-09-23T01:59:41.179+0000] {logging_mixin.py:188} INFO - [2024-09-23T01:59:41.179+0000] {dagbag.py:545} INFO - Filling up the DagBag from /opt/airflow/dags/aws_function.py
[2024-09-23T01:59:41.438+0000] {processor.py:842} WARNING - No viable dags retrieved from /opt/airflow/dags/aws_function.py
[2024-09-23T01:59:41.447+0000] {processor.py:183} INFO - Processing /opt/airflow/dags/aws_function.py took 0.278 seconds
[2024-09-23T02:00:11.685+0000] {processor.py:161} INFO - Started process (PID=89990) to work on /opt/airflow/dags/aws_function.py
[2024-09-23T02:00:11.686+0000] {processor.py:830} INFO - Processing file /opt/airflow/dags/aws_function.py for tasks to queue
[2024-09-23T02:00:11.688+0000] {logging_mixin.py:188} INFO - [2024-09-23T02:00:11.687+0000] {dagbag.py:545} INFO - Filling up the DagBag from /opt/airflow/dags/aws_function.py
[2024-09-23T02:00:11.888+0000] {processor.py:842} WARNING - No viable dags retrieved from /opt/airflow/dags/aws_function.py
[2024-09-23T02:00:11.897+0000] {processor.py:183} INFO - Processing /opt/airflow/dags/aws_function.py took 0.218 seconds
[2024-09-23T02:00:42.168+0000] {processor.py:161} INFO - Started process (PID=90007) to work on /opt/airflow/dags/aws_function.py
[2024-09-23T02:00:42.169+0000] {processor.py:830} INFO - Processing file /opt/airflow/dags/aws_function.py for tasks to queue
[2024-09-23T02:00:42.170+0000] {logging_mixin.py:188} INFO - [2024-09-23T02:00:42.170+0000] {dagbag.py:545} INFO - Filling up the DagBag from /opt/airflow/dags/aws_function.py
[2024-09-23T02:00:42.414+0000] {processor.py:842} WARNING - No viable dags retrieved from /opt/airflow/dags/aws_function.py
[2024-09-23T02:00:42.425+0000] {processor.py:183} INFO - Processing /opt/airflow/dags/aws_function.py took 0.262 seconds
[2024-09-23T02:01:12.665+0000] {processor.py:161} INFO - Started process (PID=90024) to work on /opt/airflow/dags/aws_function.py
[2024-09-23T02:01:12.666+0000] {processor.py:830} INFO - Processing file /opt/airflow/dags/aws_function.py for tasks to queue
[2024-09-23T02:01:12.668+0000] {logging_mixin.py:188} INFO - [2024-09-23T02:01:12.668+0000] {dagbag.py:545} INFO - Filling up the DagBag from /opt/airflow/dags/aws_function.py
[2024-09-23T02:01:12.879+0000] {processor.py:842} WARNING - No viable dags retrieved from /opt/airflow/dags/aws_function.py
[2024-09-23T02:01:12.889+0000] {processor.py:183} INFO - Processing /opt/airflow/dags/aws_function.py took 0.229 seconds
[2024-09-23T02:01:43.159+0000] {processor.py:161} INFO - Started process (PID=90041) to work on /opt/airflow/dags/aws_function.py
[2024-09-23T02:01:43.160+0000] {processor.py:830} INFO - Processing file /opt/airflow/dags/aws_function.py for tasks to queue
[2024-09-23T02:01:43.161+0000] {logging_mixin.py:188} INFO - [2024-09-23T02:01:43.161+0000] {dagbag.py:545} INFO - Filling up the DagBag from /opt/airflow/dags/aws_function.py
[2024-09-23T02:01:43.422+0000] {processor.py:842} WARNING - No viable dags retrieved from /opt/airflow/dags/aws_function.py
[2024-09-23T02:01:43.435+0000] {processor.py:183} INFO - Processing /opt/airflow/dags/aws_function.py took 0.283 seconds
[2024-09-23T02:02:13.623+0000] {processor.py:161} INFO - Started process (PID=90058) to work on /opt/airflow/dags/aws_function.py
[2024-09-23T02:02:13.625+0000] {processor.py:830} INFO - Processing file /opt/airflow/dags/aws_function.py for tasks to queue
[2024-09-23T02:02:13.626+0000] {logging_mixin.py:188} INFO - [2024-09-23T02:02:13.626+0000] {dagbag.py:545} INFO - Filling up the DagBag from /opt/airflow/dags/aws_function.py
[2024-09-23T02:02:13.858+0000] {processor.py:842} WARNING - No viable dags retrieved from /opt/airflow/dags/aws_function.py
[2024-09-23T02:02:13.868+0000] {processor.py:183} INFO - Processing /opt/airflow/dags/aws_function.py took 0.251 seconds
[2024-09-23T02:02:44.084+0000] {processor.py:161} INFO - Started process (PID=90075) to work on /opt/airflow/dags/aws_function.py
[2024-09-23T02:02:44.085+0000] {processor.py:830} INFO - Processing file /opt/airflow/dags/aws_function.py for tasks to queue
[2024-09-23T02:02:44.087+0000] {logging_mixin.py:188} INFO - [2024-09-23T02:02:44.087+0000] {dagbag.py:545} INFO - Filling up the DagBag from /opt/airflow/dags/aws_function.py
[2024-09-23T02:02:44.338+0000] {processor.py:842} WARNING - No viable dags retrieved from /opt/airflow/dags/aws_function.py
[2024-09-23T02:02:44.349+0000] {processor.py:183} INFO - Processing /opt/airflow/dags/aws_function.py took 0.271 seconds
[2024-09-23T02:03:14.559+0000] {processor.py:161} INFO - Started process (PID=90092) to work on /opt/airflow/dags/aws_function.py
[2024-09-23T02:03:14.560+0000] {processor.py:830} INFO - Processing file /opt/airflow/dags/aws_function.py for tasks to queue
[2024-09-23T02:03:14.562+0000] {logging_mixin.py:188} INFO - [2024-09-23T02:03:14.562+0000] {dagbag.py:545} INFO - Filling up the DagBag from /opt/airflow/dags/aws_function.py
[2024-09-23T02:03:14.763+0000] {processor.py:842} WARNING - No viable dags retrieved from /opt/airflow/dags/aws_function.py
[2024-09-23T02:03:14.772+0000] {processor.py:183} INFO - Processing /opt/airflow/dags/aws_function.py took 0.219 seconds
[2024-09-23T02:03:44.993+0000] {processor.py:161} INFO - Started process (PID=90109) to work on /opt/airflow/dags/aws_function.py
[2024-09-23T02:03:44.995+0000] {processor.py:830} INFO - Processing file /opt/airflow/dags/aws_function.py for tasks to queue
[2024-09-23T02:03:44.998+0000] {logging_mixin.py:188} INFO - [2024-09-23T02:03:44.997+0000] {dagbag.py:545} INFO - Filling up the DagBag from /opt/airflow/dags/aws_function.py
[2024-09-23T02:03:45.272+0000] {processor.py:842} WARNING - No viable dags retrieved from /opt/airflow/dags/aws_function.py
[2024-09-23T02:03:45.284+0000] {processor.py:183} INFO - Processing /opt/airflow/dags/aws_function.py took 0.297 seconds
[2024-09-23T02:04:15.596+0000] {processor.py:161} INFO - Started process (PID=90126) to work on /opt/airflow/dags/aws_function.py
[2024-09-23T02:04:15.597+0000] {processor.py:830} INFO - Processing file /opt/airflow/dags/aws_function.py for tasks to queue
[2024-09-23T02:04:15.598+0000] {logging_mixin.py:188} INFO - [2024-09-23T02:04:15.598+0000] {dagbag.py:545} INFO - Filling up the DagBag from /opt/airflow/dags/aws_function.py
[2024-09-23T02:04:15.812+0000] {processor.py:842} WARNING - No viable dags retrieved from /opt/airflow/dags/aws_function.py
[2024-09-23T02:04:15.822+0000] {processor.py:183} INFO - Processing /opt/airflow/dags/aws_function.py took 0.234 seconds
[2024-09-23T02:04:46.092+0000] {processor.py:161} INFO - Started process (PID=90143) to work on /opt/airflow/dags/aws_function.py
[2024-09-23T02:04:46.092+0000] {processor.py:830} INFO - Processing file /opt/airflow/dags/aws_function.py for tasks to queue
[2024-09-23T02:04:46.094+0000] {logging_mixin.py:188} INFO - [2024-09-23T02:04:46.094+0000] {dagbag.py:545} INFO - Filling up the DagBag from /opt/airflow/dags/aws_function.py
[2024-09-23T02:04:46.292+0000] {processor.py:842} WARNING - No viable dags retrieved from /opt/airflow/dags/aws_function.py
[2024-09-23T02:04:46.302+0000] {processor.py:183} INFO - Processing /opt/airflow/dags/aws_function.py took 0.215 seconds
[2024-09-23T02:05:16.500+0000] {processor.py:161} INFO - Started process (PID=90160) to work on /opt/airflow/dags/aws_function.py
[2024-09-23T02:05:16.501+0000] {processor.py:830} INFO - Processing file /opt/airflow/dags/aws_function.py for tasks to queue
[2024-09-23T02:05:16.503+0000] {logging_mixin.py:188} INFO - [2024-09-23T02:05:16.503+0000] {dagbag.py:545} INFO - Filling up the DagBag from /opt/airflow/dags/aws_function.py
[2024-09-23T02:05:16.788+0000] {processor.py:842} WARNING - No viable dags retrieved from /opt/airflow/dags/aws_function.py
[2024-09-23T02:05:16.799+0000] {processor.py:183} INFO - Processing /opt/airflow/dags/aws_function.py took 0.305 seconds
[2024-09-23T02:05:46.986+0000] {processor.py:161} INFO - Started process (PID=90177) to work on /opt/airflow/dags/aws_function.py
[2024-09-23T02:05:46.987+0000] {processor.py:830} INFO - Processing file /opt/airflow/dags/aws_function.py for tasks to queue
[2024-09-23T02:05:46.989+0000] {logging_mixin.py:188} INFO - [2024-09-23T02:05:46.989+0000] {dagbag.py:545} INFO - Filling up the DagBag from /opt/airflow/dags/aws_function.py
[2024-09-23T02:05:47.231+0000] {processor.py:842} WARNING - No viable dags retrieved from /opt/airflow/dags/aws_function.py
[2024-09-23T02:05:47.241+0000] {processor.py:183} INFO - Processing /opt/airflow/dags/aws_function.py took 0.260 seconds
[2024-09-23T02:06:17.380+0000] {processor.py:161} INFO - Started process (PID=90194) to work on /opt/airflow/dags/aws_function.py
[2024-09-23T02:06:17.381+0000] {processor.py:830} INFO - Processing file /opt/airflow/dags/aws_function.py for tasks to queue
[2024-09-23T02:06:17.383+0000] {logging_mixin.py:188} INFO - [2024-09-23T02:06:17.382+0000] {dagbag.py:545} INFO - Filling up the DagBag from /opt/airflow/dags/aws_function.py
[2024-09-23T02:06:17.609+0000] {processor.py:842} WARNING - No viable dags retrieved from /opt/airflow/dags/aws_function.py
[2024-09-23T02:06:17.621+0000] {processor.py:183} INFO - Processing /opt/airflow/dags/aws_function.py took 0.247 seconds
[2024-09-23T02:06:47.801+0000] {processor.py:161} INFO - Started process (PID=90211) to work on /opt/airflow/dags/aws_function.py
[2024-09-23T02:06:47.802+0000] {processor.py:830} INFO - Processing file /opt/airflow/dags/aws_function.py for tasks to queue
[2024-09-23T02:06:47.805+0000] {logging_mixin.py:188} INFO - [2024-09-23T02:06:47.805+0000] {dagbag.py:545} INFO - Filling up the DagBag from /opt/airflow/dags/aws_function.py
[2024-09-23T02:06:48.054+0000] {processor.py:842} WARNING - No viable dags retrieved from /opt/airflow/dags/aws_function.py
[2024-09-23T02:06:48.064+0000] {processor.py:183} INFO - Processing /opt/airflow/dags/aws_function.py took 0.269 seconds
[2024-09-23T02:07:18.278+0000] {processor.py:161} INFO - Started process (PID=90227) to work on /opt/airflow/dags/aws_function.py
[2024-09-23T02:07:18.278+0000] {processor.py:830} INFO - Processing file /opt/airflow/dags/aws_function.py for tasks to queue
[2024-09-23T02:07:18.279+0000] {logging_mixin.py:188} INFO - [2024-09-23T02:07:18.279+0000] {dagbag.py:545} INFO - Filling up the DagBag from /opt/airflow/dags/aws_function.py
[2024-09-23T02:07:18.547+0000] {processor.py:842} WARNING - No viable dags retrieved from /opt/airflow/dags/aws_function.py
[2024-09-23T02:07:18.557+0000] {processor.py:183} INFO - Processing /opt/airflow/dags/aws_function.py took 0.285 seconds
[2024-09-23T02:07:48.781+0000] {processor.py:161} INFO - Started process (PID=90244) to work on /opt/airflow/dags/aws_function.py
[2024-09-23T02:07:48.782+0000] {processor.py:830} INFO - Processing file /opt/airflow/dags/aws_function.py for tasks to queue
[2024-09-23T02:07:48.784+0000] {logging_mixin.py:188} INFO - [2024-09-23T02:07:48.784+0000] {dagbag.py:545} INFO - Filling up the DagBag from /opt/airflow/dags/aws_function.py
[2024-09-23T02:07:49.008+0000] {processor.py:842} WARNING - No viable dags retrieved from /opt/airflow/dags/aws_function.py
[2024-09-23T02:07:49.018+0000] {processor.py:183} INFO - Processing /opt/airflow/dags/aws_function.py took 0.244 seconds
[2024-09-23T02:08:19.222+0000] {processor.py:161} INFO - Started process (PID=90261) to work on /opt/airflow/dags/aws_function.py
[2024-09-23T02:08:19.223+0000] {processor.py:830} INFO - Processing file /opt/airflow/dags/aws_function.py for tasks to queue
[2024-09-23T02:08:19.224+0000] {logging_mixin.py:188} INFO - [2024-09-23T02:08:19.224+0000] {dagbag.py:545} INFO - Filling up the DagBag from /opt/airflow/dags/aws_function.py
[2024-09-23T02:08:19.428+0000] {processor.py:842} WARNING - No viable dags retrieved from /opt/airflow/dags/aws_function.py
[2024-09-23T02:08:19.438+0000] {processor.py:183} INFO - Processing /opt/airflow/dags/aws_function.py took 0.220 seconds
[2024-09-23T02:08:49.684+0000] {processor.py:161} INFO - Started process (PID=90278) to work on /opt/airflow/dags/aws_function.py
[2024-09-23T02:08:49.685+0000] {processor.py:830} INFO - Processing file /opt/airflow/dags/aws_function.py for tasks to queue
[2024-09-23T02:08:49.687+0000] {logging_mixin.py:188} INFO - [2024-09-23T02:08:49.687+0000] {dagbag.py:545} INFO - Filling up the DagBag from /opt/airflow/dags/aws_function.py
[2024-09-23T02:08:49.905+0000] {processor.py:842} WARNING - No viable dags retrieved from /opt/airflow/dags/aws_function.py
[2024-09-23T02:08:49.916+0000] {processor.py:183} INFO - Processing /opt/airflow/dags/aws_function.py took 0.237 seconds
[2024-09-23T02:09:20.099+0000] {processor.py:161} INFO - Started process (PID=90295) to work on /opt/airflow/dags/aws_function.py
[2024-09-23T02:09:20.099+0000] {processor.py:830} INFO - Processing file /opt/airflow/dags/aws_function.py for tasks to queue
[2024-09-23T02:09:20.101+0000] {logging_mixin.py:188} INFO - [2024-09-23T02:09:20.101+0000] {dagbag.py:545} INFO - Filling up the DagBag from /opt/airflow/dags/aws_function.py
[2024-09-23T02:09:20.324+0000] {processor.py:842} WARNING - No viable dags retrieved from /opt/airflow/dags/aws_function.py
[2024-09-23T02:09:20.335+0000] {processor.py:183} INFO - Processing /opt/airflow/dags/aws_function.py took 0.241 seconds
[2024-09-23T02:09:50.556+0000] {processor.py:161} INFO - Started process (PID=90312) to work on /opt/airflow/dags/aws_function.py
[2024-09-23T02:09:50.557+0000] {processor.py:830} INFO - Processing file /opt/airflow/dags/aws_function.py for tasks to queue
[2024-09-23T02:09:50.558+0000] {logging_mixin.py:188} INFO - [2024-09-23T02:09:50.558+0000] {dagbag.py:545} INFO - Filling up the DagBag from /opt/airflow/dags/aws_function.py
[2024-09-23T02:09:50.767+0000] {processor.py:842} WARNING - No viable dags retrieved from /opt/airflow/dags/aws_function.py
[2024-09-23T02:09:50.778+0000] {processor.py:183} INFO - Processing /opt/airflow/dags/aws_function.py took 0.226 seconds
[2024-09-23T02:10:20.957+0000] {processor.py:161} INFO - Started process (PID=90329) to work on /opt/airflow/dags/aws_function.py
[2024-09-23T02:10:20.958+0000] {processor.py:830} INFO - Processing file /opt/airflow/dags/aws_function.py for tasks to queue
[2024-09-23T02:10:20.959+0000] {logging_mixin.py:188} INFO - [2024-09-23T02:10:20.959+0000] {dagbag.py:545} INFO - Filling up the DagBag from /opt/airflow/dags/aws_function.py
[2024-09-23T02:10:21.179+0000] {processor.py:842} WARNING - No viable dags retrieved from /opt/airflow/dags/aws_function.py
[2024-09-23T02:10:21.190+0000] {processor.py:183} INFO - Processing /opt/airflow/dags/aws_function.py took 0.238 seconds
[2024-09-23T02:10:51.483+0000] {processor.py:161} INFO - Started process (PID=90345) to work on /opt/airflow/dags/aws_function.py
[2024-09-23T02:10:51.484+0000] {processor.py:830} INFO - Processing file /opt/airflow/dags/aws_function.py for tasks to queue
[2024-09-23T02:10:51.487+0000] {logging_mixin.py:188} INFO - [2024-09-23T02:10:51.486+0000] {dagbag.py:545} INFO - Filling up the DagBag from /opt/airflow/dags/aws_function.py
[2024-09-23T02:10:51.764+0000] {processor.py:842} WARNING - No viable dags retrieved from /opt/airflow/dags/aws_function.py
[2024-09-23T02:10:51.774+0000] {processor.py:183} INFO - Processing /opt/airflow/dags/aws_function.py took 0.297 seconds
[2024-09-23T02:11:21.989+0000] {processor.py:161} INFO - Started process (PID=90362) to work on /opt/airflow/dags/aws_function.py
[2024-09-23T02:11:21.990+0000] {processor.py:830} INFO - Processing file /opt/airflow/dags/aws_function.py for tasks to queue
[2024-09-23T02:11:21.992+0000] {logging_mixin.py:188} INFO - [2024-09-23T02:11:21.991+0000] {dagbag.py:545} INFO - Filling up the DagBag from /opt/airflow/dags/aws_function.py
[2024-09-23T02:11:22.208+0000] {processor.py:842} WARNING - No viable dags retrieved from /opt/airflow/dags/aws_function.py
[2024-09-23T02:11:22.217+0000] {processor.py:183} INFO - Processing /opt/airflow/dags/aws_function.py took 0.234 seconds
[2024-09-23T02:11:52.456+0000] {processor.py:161} INFO - Started process (PID=90379) to work on /opt/airflow/dags/aws_function.py
[2024-09-23T02:11:52.457+0000] {processor.py:830} INFO - Processing file /opt/airflow/dags/aws_function.py for tasks to queue
[2024-09-23T02:11:52.459+0000] {logging_mixin.py:188} INFO - [2024-09-23T02:11:52.458+0000] {dagbag.py:545} INFO - Filling up the DagBag from /opt/airflow/dags/aws_function.py
[2024-09-23T02:11:52.656+0000] {processor.py:842} WARNING - No viable dags retrieved from /opt/airflow/dags/aws_function.py
[2024-09-23T02:11:52.666+0000] {processor.py:183} INFO - Processing /opt/airflow/dags/aws_function.py took 0.216 seconds
[2024-09-23T02:12:22.883+0000] {processor.py:161} INFO - Started process (PID=90395) to work on /opt/airflow/dags/aws_function.py
[2024-09-23T02:12:22.884+0000] {processor.py:830} INFO - Processing file /opt/airflow/dags/aws_function.py for tasks to queue
[2024-09-23T02:12:22.886+0000] {logging_mixin.py:188} INFO - [2024-09-23T02:12:22.886+0000] {dagbag.py:545} INFO - Filling up the DagBag from /opt/airflow/dags/aws_function.py
[2024-09-23T02:12:23.083+0000] {processor.py:842} WARNING - No viable dags retrieved from /opt/airflow/dags/aws_function.py
[2024-09-23T02:12:23.092+0000] {processor.py:183} INFO - Processing /opt/airflow/dags/aws_function.py took 0.215 seconds
[2024-09-23T02:12:53.340+0000] {processor.py:161} INFO - Started process (PID=90412) to work on /opt/airflow/dags/aws_function.py
[2024-09-23T02:12:53.341+0000] {processor.py:830} INFO - Processing file /opt/airflow/dags/aws_function.py for tasks to queue
[2024-09-23T02:12:53.343+0000] {logging_mixin.py:188} INFO - [2024-09-23T02:12:53.343+0000] {dagbag.py:545} INFO - Filling up the DagBag from /opt/airflow/dags/aws_function.py
[2024-09-23T02:12:53.542+0000] {processor.py:842} WARNING - No viable dags retrieved from /opt/airflow/dags/aws_function.py
[2024-09-23T02:12:53.552+0000] {processor.py:183} INFO - Processing /opt/airflow/dags/aws_function.py took 0.217 seconds
[2024-09-23T02:13:23.822+0000] {processor.py:161} INFO - Started process (PID=90428) to work on /opt/airflow/dags/aws_function.py
[2024-09-23T02:13:23.823+0000] {processor.py:830} INFO - Processing file /opt/airflow/dags/aws_function.py for tasks to queue
[2024-09-23T02:13:23.825+0000] {logging_mixin.py:188} INFO - [2024-09-23T02:13:23.824+0000] {dagbag.py:545} INFO - Filling up the DagBag from /opt/airflow/dags/aws_function.py
[2024-09-23T02:13:24.029+0000] {processor.py:842} WARNING - No viable dags retrieved from /opt/airflow/dags/aws_function.py
[2024-09-23T02:13:24.038+0000] {processor.py:183} INFO - Processing /opt/airflow/dags/aws_function.py took 0.222 seconds
[2024-09-23T02:13:54.292+0000] {processor.py:161} INFO - Started process (PID=90445) to work on /opt/airflow/dags/aws_function.py
[2024-09-23T02:13:54.293+0000] {processor.py:830} INFO - Processing file /opt/airflow/dags/aws_function.py for tasks to queue
[2024-09-23T02:13:54.296+0000] {logging_mixin.py:188} INFO - [2024-09-23T02:13:54.296+0000] {dagbag.py:545} INFO - Filling up the DagBag from /opt/airflow/dags/aws_function.py
[2024-09-23T02:13:54.608+0000] {processor.py:842} WARNING - No viable dags retrieved from /opt/airflow/dags/aws_function.py
[2024-09-23T02:13:54.620+0000] {processor.py:183} INFO - Processing /opt/airflow/dags/aws_function.py took 0.335 seconds
[2024-09-23T02:14:24.861+0000] {processor.py:161} INFO - Started process (PID=90461) to work on /opt/airflow/dags/aws_function.py
[2024-09-23T02:14:24.862+0000] {processor.py:830} INFO - Processing file /opt/airflow/dags/aws_function.py for tasks to queue
[2024-09-23T02:14:24.863+0000] {logging_mixin.py:188} INFO - [2024-09-23T02:14:24.863+0000] {dagbag.py:545} INFO - Filling up the DagBag from /opt/airflow/dags/aws_function.py
[2024-09-23T02:14:25.062+0000] {processor.py:842} WARNING - No viable dags retrieved from /opt/airflow/dags/aws_function.py
[2024-09-23T02:14:25.072+0000] {processor.py:183} INFO - Processing /opt/airflow/dags/aws_function.py took 0.217 seconds
[2024-09-23T02:14:55.325+0000] {processor.py:161} INFO - Started process (PID=90478) to work on /opt/airflow/dags/aws_function.py
[2024-09-23T02:14:55.326+0000] {processor.py:830} INFO - Processing file /opt/airflow/dags/aws_function.py for tasks to queue
[2024-09-23T02:14:55.328+0000] {logging_mixin.py:188} INFO - [2024-09-23T02:14:55.328+0000] {dagbag.py:545} INFO - Filling up the DagBag from /opt/airflow/dags/aws_function.py
[2024-09-23T02:14:55.529+0000] {processor.py:842} WARNING - No viable dags retrieved from /opt/airflow/dags/aws_function.py
[2024-09-23T02:14:55.539+0000] {processor.py:183} INFO - Processing /opt/airflow/dags/aws_function.py took 0.218 seconds
[2024-09-23T02:15:25.771+0000] {processor.py:161} INFO - Started process (PID=90494) to work on /opt/airflow/dags/aws_function.py
[2024-09-23T02:15:25.772+0000] {processor.py:830} INFO - Processing file /opt/airflow/dags/aws_function.py for tasks to queue
[2024-09-23T02:15:25.774+0000] {logging_mixin.py:188} INFO - [2024-09-23T02:15:25.774+0000] {dagbag.py:545} INFO - Filling up the DagBag from /opt/airflow/dags/aws_function.py
[2024-09-23T02:15:26.040+0000] {processor.py:842} WARNING - No viable dags retrieved from /opt/airflow/dags/aws_function.py
[2024-09-23T02:15:26.050+0000] {processor.py:183} INFO - Processing /opt/airflow/dags/aws_function.py took 0.285 seconds
[2024-09-23T02:15:56.320+0000] {processor.py:161} INFO - Started process (PID=90511) to work on /opt/airflow/dags/aws_function.py
[2024-09-23T02:15:56.321+0000] {processor.py:830} INFO - Processing file /opt/airflow/dags/aws_function.py for tasks to queue
[2024-09-23T02:15:56.322+0000] {logging_mixin.py:188} INFO - [2024-09-23T02:15:56.322+0000] {dagbag.py:545} INFO - Filling up the DagBag from /opt/airflow/dags/aws_function.py
[2024-09-23T02:15:56.530+0000] {processor.py:842} WARNING - No viable dags retrieved from /opt/airflow/dags/aws_function.py
[2024-09-23T02:15:56.540+0000] {processor.py:183} INFO - Processing /opt/airflow/dags/aws_function.py took 0.227 seconds
[2024-09-23T02:16:26.783+0000] {processor.py:161} INFO - Started process (PID=90528) to work on /opt/airflow/dags/aws_function.py
[2024-09-23T02:16:26.784+0000] {processor.py:830} INFO - Processing file /opt/airflow/dags/aws_function.py for tasks to queue
[2024-09-23T02:16:26.786+0000] {logging_mixin.py:188} INFO - [2024-09-23T02:16:26.785+0000] {dagbag.py:545} INFO - Filling up the DagBag from /opt/airflow/dags/aws_function.py
[2024-09-23T02:16:26.991+0000] {processor.py:842} WARNING - No viable dags retrieved from /opt/airflow/dags/aws_function.py
[2024-09-23T02:16:27.000+0000] {processor.py:183} INFO - Processing /opt/airflow/dags/aws_function.py took 0.223 seconds
[2024-09-23T02:16:57.287+0000] {processor.py:161} INFO - Started process (PID=90545) to work on /opt/airflow/dags/aws_function.py
[2024-09-23T02:16:57.288+0000] {processor.py:830} INFO - Processing file /opt/airflow/dags/aws_function.py for tasks to queue
[2024-09-23T02:16:57.294+0000] {logging_mixin.py:188} INFO - [2024-09-23T02:16:57.293+0000] {dagbag.py:545} INFO - Filling up the DagBag from /opt/airflow/dags/aws_function.py
[2024-09-23T02:16:57.622+0000] {processor.py:842} WARNING - No viable dags retrieved from /opt/airflow/dags/aws_function.py
[2024-09-23T02:16:57.634+0000] {processor.py:183} INFO - Processing /opt/airflow/dags/aws_function.py took 0.356 seconds
[2024-09-23T02:17:27.815+0000] {processor.py:161} INFO - Started process (PID=90562) to work on /opt/airflow/dags/aws_function.py
[2024-09-23T02:17:27.816+0000] {processor.py:830} INFO - Processing file /opt/airflow/dags/aws_function.py for tasks to queue
[2024-09-23T02:17:27.817+0000] {logging_mixin.py:188} INFO - [2024-09-23T02:17:27.817+0000] {dagbag.py:545} INFO - Filling up the DagBag from /opt/airflow/dags/aws_function.py
[2024-09-23T02:17:28.029+0000] {processor.py:842} WARNING - No viable dags retrieved from /opt/airflow/dags/aws_function.py
[2024-09-23T02:17:28.039+0000] {processor.py:183} INFO - Processing /opt/airflow/dags/aws_function.py took 0.230 seconds
[2024-09-23T02:17:58.284+0000] {processor.py:161} INFO - Started process (PID=90579) to work on /opt/airflow/dags/aws_function.py
[2024-09-23T02:17:58.297+0000] {processor.py:830} INFO - Processing file /opt/airflow/dags/aws_function.py for tasks to queue
[2024-09-23T02:17:58.303+0000] {logging_mixin.py:188} INFO - [2024-09-23T02:17:58.303+0000] {dagbag.py:545} INFO - Filling up the DagBag from /opt/airflow/dags/aws_function.py
[2024-09-23T02:17:58.709+0000] {processor.py:842} WARNING - No viable dags retrieved from /opt/airflow/dags/aws_function.py
[2024-09-23T02:17:58.722+0000] {processor.py:183} INFO - Processing /opt/airflow/dags/aws_function.py took 0.456 seconds
[2024-09-23T02:18:28.862+0000] {processor.py:161} INFO - Started process (PID=90596) to work on /opt/airflow/dags/aws_function.py
[2024-09-23T02:18:28.864+0000] {processor.py:830} INFO - Processing file /opt/airflow/dags/aws_function.py for tasks to queue
[2024-09-23T02:18:28.867+0000] {logging_mixin.py:188} INFO - [2024-09-23T02:18:28.867+0000] {dagbag.py:545} INFO - Filling up the DagBag from /opt/airflow/dags/aws_function.py
[2024-09-23T02:18:29.211+0000] {processor.py:842} WARNING - No viable dags retrieved from /opt/airflow/dags/aws_function.py
[2024-09-23T02:18:29.223+0000] {processor.py:183} INFO - Processing /opt/airflow/dags/aws_function.py took 0.368 seconds
[2024-09-23T02:18:59.407+0000] {processor.py:161} INFO - Started process (PID=90613) to work on /opt/airflow/dags/aws_function.py
[2024-09-23T02:18:59.408+0000] {processor.py:830} INFO - Processing file /opt/airflow/dags/aws_function.py for tasks to queue
[2024-09-23T02:18:59.411+0000] {logging_mixin.py:188} INFO - [2024-09-23T02:18:59.410+0000] {dagbag.py:545} INFO - Filling up the DagBag from /opt/airflow/dags/aws_function.py
[2024-09-23T02:18:59.903+0000] {processor.py:842} WARNING - No viable dags retrieved from /opt/airflow/dags/aws_function.py
[2024-09-23T02:18:59.913+0000] {processor.py:183} INFO - Processing /opt/airflow/dags/aws_function.py took 0.514 seconds
[2024-09-23T02:19:30.171+0000] {processor.py:161} INFO - Started process (PID=90632) to work on /opt/airflow/dags/aws_function.py
[2024-09-23T02:19:30.172+0000] {processor.py:830} INFO - Processing file /opt/airflow/dags/aws_function.py for tasks to queue
[2024-09-23T02:19:30.173+0000] {logging_mixin.py:188} INFO - [2024-09-23T02:19:30.173+0000] {dagbag.py:545} INFO - Filling up the DagBag from /opt/airflow/dags/aws_function.py
[2024-09-23T02:19:30.463+0000] {processor.py:842} WARNING - No viable dags retrieved from /opt/airflow/dags/aws_function.py
[2024-09-23T02:19:30.476+0000] {processor.py:183} INFO - Processing /opt/airflow/dags/aws_function.py took 0.311 seconds
[2024-09-23T02:20:00.544+0000] {processor.py:161} INFO - Started process (PID=90647) to work on /opt/airflow/dags/aws_function.py
[2024-09-23T02:20:00.546+0000] {processor.py:830} INFO - Processing file /opt/airflow/dags/aws_function.py for tasks to queue
[2024-09-23T02:20:00.550+0000] {logging_mixin.py:188} INFO - [2024-09-23T02:20:00.549+0000] {dagbag.py:545} INFO - Filling up the DagBag from /opt/airflow/dags/aws_function.py
[2024-09-23T02:20:00.828+0000] {processor.py:842} WARNING - No viable dags retrieved from /opt/airflow/dags/aws_function.py
[2024-09-23T02:20:00.838+0000] {processor.py:183} INFO - Processing /opt/airflow/dags/aws_function.py took 0.306 seconds
[2024-09-23T02:20:31.096+0000] {processor.py:161} INFO - Started process (PID=90664) to work on /opt/airflow/dags/aws_function.py
[2024-09-23T02:20:31.102+0000] {processor.py:830} INFO - Processing file /opt/airflow/dags/aws_function.py for tasks to queue
[2024-09-23T02:20:31.106+0000] {logging_mixin.py:188} INFO - [2024-09-23T02:20:31.105+0000] {dagbag.py:545} INFO - Filling up the DagBag from /opt/airflow/dags/aws_function.py
[2024-09-23T02:20:31.439+0000] {processor.py:842} WARNING - No viable dags retrieved from /opt/airflow/dags/aws_function.py
[2024-09-23T02:20:31.451+0000] {processor.py:183} INFO - Processing /opt/airflow/dags/aws_function.py took 0.373 seconds
[2024-09-23T02:21:01.670+0000] {processor.py:161} INFO - Started process (PID=90681) to work on /opt/airflow/dags/aws_function.py
[2024-09-23T02:21:01.671+0000] {processor.py:830} INFO - Processing file /opt/airflow/dags/aws_function.py for tasks to queue
[2024-09-23T02:21:01.675+0000] {logging_mixin.py:188} INFO - [2024-09-23T02:21:01.674+0000] {dagbag.py:545} INFO - Filling up the DagBag from /opt/airflow/dags/aws_function.py
[2024-09-23T02:21:01.982+0000] {processor.py:842} WARNING - No viable dags retrieved from /opt/airflow/dags/aws_function.py
[2024-09-23T02:21:01.995+0000] {processor.py:183} INFO - Processing /opt/airflow/dags/aws_function.py took 0.332 seconds
[2024-09-23T02:21:32.183+0000] {processor.py:161} INFO - Started process (PID=90698) to work on /opt/airflow/dags/aws_function.py
[2024-09-23T02:21:32.185+0000] {processor.py:830} INFO - Processing file /opt/airflow/dags/aws_function.py for tasks to queue
[2024-09-23T02:21:32.187+0000] {logging_mixin.py:188} INFO - [2024-09-23T02:21:32.187+0000] {dagbag.py:545} INFO - Filling up the DagBag from /opt/airflow/dags/aws_function.py
[2024-09-23T02:21:32.451+0000] {processor.py:842} WARNING - No viable dags retrieved from /opt/airflow/dags/aws_function.py
[2024-09-23T02:21:32.462+0000] {processor.py:183} INFO - Processing /opt/airflow/dags/aws_function.py took 0.285 seconds
[2024-09-23T02:22:02.687+0000] {processor.py:161} INFO - Started process (PID=90714) to work on /opt/airflow/dags/aws_function.py
[2024-09-23T02:22:02.689+0000] {processor.py:830} INFO - Processing file /opt/airflow/dags/aws_function.py for tasks to queue
[2024-09-23T02:22:02.693+0000] {logging_mixin.py:188} INFO - [2024-09-23T02:22:02.693+0000] {dagbag.py:545} INFO - Filling up the DagBag from /opt/airflow/dags/aws_function.py
[2024-09-23T02:22:03.511+0000] {processor.py:842} WARNING - No viable dags retrieved from /opt/airflow/dags/aws_function.py
[2024-09-23T02:22:03.523+0000] {processor.py:183} INFO - Processing /opt/airflow/dags/aws_function.py took 0.844 seconds
[2024-09-23T02:22:34.270+0000] {processor.py:161} INFO - Started process (PID=90733) to work on /opt/airflow/dags/aws_function.py
[2024-09-23T02:22:34.271+0000] {processor.py:830} INFO - Processing file /opt/airflow/dags/aws_function.py for tasks to queue
[2024-09-23T02:22:34.274+0000] {logging_mixin.py:188} INFO - [2024-09-23T02:22:34.273+0000] {dagbag.py:545} INFO - Filling up the DagBag from /opt/airflow/dags/aws_function.py
[2024-09-23T02:22:34.556+0000] {processor.py:842} WARNING - No viable dags retrieved from /opt/airflow/dags/aws_function.py
[2024-09-23T02:22:34.569+0000] {processor.py:183} INFO - Processing /opt/airflow/dags/aws_function.py took 0.304 seconds
[2024-09-23T02:23:04.895+0000] {processor.py:161} INFO - Started process (PID=90750) to work on /opt/airflow/dags/aws_function.py
[2024-09-23T02:23:04.896+0000] {processor.py:830} INFO - Processing file /opt/airflow/dags/aws_function.py for tasks to queue
[2024-09-23T02:23:04.898+0000] {logging_mixin.py:188} INFO - [2024-09-23T02:23:04.897+0000] {dagbag.py:545} INFO - Filling up the DagBag from /opt/airflow/dags/aws_function.py
[2024-09-23T02:23:05.107+0000] {processor.py:842} WARNING - No viable dags retrieved from /opt/airflow/dags/aws_function.py
[2024-09-23T02:23:05.120+0000] {processor.py:183} INFO - Processing /opt/airflow/dags/aws_function.py took 0.232 seconds
[2024-09-23T02:23:35.376+0000] {processor.py:161} INFO - Started process (PID=90773) to work on /opt/airflow/dags/aws_function.py
[2024-09-23T02:23:35.377+0000] {processor.py:830} INFO - Processing file /opt/airflow/dags/aws_function.py for tasks to queue
[2024-09-23T02:23:35.380+0000] {logging_mixin.py:188} INFO - [2024-09-23T02:23:35.380+0000] {dagbag.py:545} INFO - Filling up the DagBag from /opt/airflow/dags/aws_function.py
[2024-09-23T02:23:35.653+0000] {processor.py:842} WARNING - No viable dags retrieved from /opt/airflow/dags/aws_function.py
[2024-09-23T02:23:35.666+0000] {processor.py:183} INFO - Processing /opt/airflow/dags/aws_function.py took 0.297 seconds
[2024-09-23T02:24:05.761+0000] {processor.py:161} INFO - Started process (PID=90790) to work on /opt/airflow/dags/aws_function.py
[2024-09-23T02:24:05.762+0000] {processor.py:830} INFO - Processing file /opt/airflow/dags/aws_function.py for tasks to queue
[2024-09-23T02:24:05.764+0000] {logging_mixin.py:188} INFO - [2024-09-23T02:24:05.764+0000] {dagbag.py:545} INFO - Filling up the DagBag from /opt/airflow/dags/aws_function.py
[2024-09-23T02:24:05.999+0000] {processor.py:842} WARNING - No viable dags retrieved from /opt/airflow/dags/aws_function.py
[2024-09-23T02:24:06.010+0000] {processor.py:183} INFO - Processing /opt/airflow/dags/aws_function.py took 0.261 seconds
[2024-09-23T02:24:36.308+0000] {processor.py:161} INFO - Started process (PID=90807) to work on /opt/airflow/dags/aws_function.py
[2024-09-23T02:24:36.309+0000] {processor.py:830} INFO - Processing file /opt/airflow/dags/aws_function.py for tasks to queue
[2024-09-23T02:24:36.310+0000] {logging_mixin.py:188} INFO - [2024-09-23T02:24:36.310+0000] {dagbag.py:545} INFO - Filling up the DagBag from /opt/airflow/dags/aws_function.py
[2024-09-23T02:24:36.551+0000] {processor.py:842} WARNING - No viable dags retrieved from /opt/airflow/dags/aws_function.py
[2024-09-23T02:24:36.562+0000] {processor.py:183} INFO - Processing /opt/airflow/dags/aws_function.py took 0.258 seconds
[2024-09-23T02:25:06.875+0000] {processor.py:161} INFO - Started process (PID=90824) to work on /opt/airflow/dags/aws_function.py
[2024-09-23T02:25:06.876+0000] {processor.py:830} INFO - Processing file /opt/airflow/dags/aws_function.py for tasks to queue
[2024-09-23T02:25:06.877+0000] {logging_mixin.py:188} INFO - [2024-09-23T02:25:06.877+0000] {dagbag.py:545} INFO - Filling up the DagBag from /opt/airflow/dags/aws_function.py
[2024-09-23T02:25:07.093+0000] {processor.py:842} WARNING - No viable dags retrieved from /opt/airflow/dags/aws_function.py
[2024-09-23T02:25:07.104+0000] {processor.py:183} INFO - Processing /opt/airflow/dags/aws_function.py took 0.235 seconds
[2024-09-23T02:25:37.383+0000] {processor.py:161} INFO - Started process (PID=90841) to work on /opt/airflow/dags/aws_function.py
[2024-09-23T02:25:37.385+0000] {processor.py:830} INFO - Processing file /opt/airflow/dags/aws_function.py for tasks to queue
[2024-09-23T02:25:37.387+0000] {logging_mixin.py:188} INFO - [2024-09-23T02:25:37.386+0000] {dagbag.py:545} INFO - Filling up the DagBag from /opt/airflow/dags/aws_function.py
[2024-09-23T02:25:37.619+0000] {processor.py:842} WARNING - No viable dags retrieved from /opt/airflow/dags/aws_function.py
[2024-09-23T02:25:37.629+0000] {processor.py:183} INFO - Processing /opt/airflow/dags/aws_function.py took 0.254 seconds
[2024-09-23T02:26:07.963+0000] {processor.py:161} INFO - Started process (PID=90858) to work on /opt/airflow/dags/aws_function.py
[2024-09-23T02:26:07.964+0000] {processor.py:830} INFO - Processing file /opt/airflow/dags/aws_function.py for tasks to queue
[2024-09-23T02:26:07.967+0000] {logging_mixin.py:188} INFO - [2024-09-23T02:26:07.966+0000] {dagbag.py:545} INFO - Filling up the DagBag from /opt/airflow/dags/aws_function.py
[2024-09-23T02:26:08.218+0000] {processor.py:842} WARNING - No viable dags retrieved from /opt/airflow/dags/aws_function.py
[2024-09-23T02:26:08.229+0000] {processor.py:183} INFO - Processing /opt/airflow/dags/aws_function.py took 0.274 seconds
[2024-09-23T02:26:38.330+0000] {processor.py:161} INFO - Started process (PID=90875) to work on /opt/airflow/dags/aws_function.py
[2024-09-23T02:26:38.331+0000] {processor.py:830} INFO - Processing file /opt/airflow/dags/aws_function.py for tasks to queue
[2024-09-23T02:26:38.333+0000] {logging_mixin.py:188} INFO - [2024-09-23T02:26:38.333+0000] {dagbag.py:545} INFO - Filling up the DagBag from /opt/airflow/dags/aws_function.py
[2024-09-23T02:26:38.581+0000] {processor.py:842} WARNING - No viable dags retrieved from /opt/airflow/dags/aws_function.py
[2024-09-23T02:26:38.591+0000] {processor.py:183} INFO - Processing /opt/airflow/dags/aws_function.py took 0.268 seconds
[2024-09-23T02:27:08.873+0000] {processor.py:161} INFO - Started process (PID=90892) to work on /opt/airflow/dags/aws_function.py
[2024-09-23T02:27:08.875+0000] {processor.py:830} INFO - Processing file /opt/airflow/dags/aws_function.py for tasks to queue
[2024-09-23T02:27:08.877+0000] {logging_mixin.py:188} INFO - [2024-09-23T02:27:08.877+0000] {dagbag.py:545} INFO - Filling up the DagBag from /opt/airflow/dags/aws_function.py
[2024-09-23T02:27:09.180+0000] {processor.py:842} WARNING - No viable dags retrieved from /opt/airflow/dags/aws_function.py
[2024-09-23T02:27:09.197+0000] {processor.py:183} INFO - Processing /opt/airflow/dags/aws_function.py took 0.331 seconds
[2024-09-23T02:27:39.477+0000] {processor.py:161} INFO - Started process (PID=90909) to work on /opt/airflow/dags/aws_function.py
[2024-09-23T02:27:39.479+0000] {processor.py:830} INFO - Processing file /opt/airflow/dags/aws_function.py for tasks to queue
[2024-09-23T02:27:39.482+0000] {logging_mixin.py:188} INFO - [2024-09-23T02:27:39.481+0000] {dagbag.py:545} INFO - Filling up the DagBag from /opt/airflow/dags/aws_function.py
[2024-09-23T02:27:39.751+0000] {processor.py:842} WARNING - No viable dags retrieved from /opt/airflow/dags/aws_function.py
[2024-09-23T02:27:39.763+0000] {processor.py:183} INFO - Processing /opt/airflow/dags/aws_function.py took 0.294 seconds
[2024-09-23T02:28:10.052+0000] {processor.py:161} INFO - Started process (PID=90926) to work on /opt/airflow/dags/aws_function.py
[2024-09-23T02:28:10.053+0000] {processor.py:830} INFO - Processing file /opt/airflow/dags/aws_function.py for tasks to queue
[2024-09-23T02:28:10.055+0000] {logging_mixin.py:188} INFO - [2024-09-23T02:28:10.054+0000] {dagbag.py:545} INFO - Filling up the DagBag from /opt/airflow/dags/aws_function.py
[2024-09-23T02:28:10.464+0000] {processor.py:842} WARNING - No viable dags retrieved from /opt/airflow/dags/aws_function.py
[2024-09-23T02:28:10.474+0000] {processor.py:183} INFO - Processing /opt/airflow/dags/aws_function.py took 0.428 seconds
[2024-09-23T02:28:40.585+0000] {processor.py:161} INFO - Started process (PID=90943) to work on /opt/airflow/dags/aws_function.py
[2024-09-23T02:28:40.586+0000] {processor.py:830} INFO - Processing file /opt/airflow/dags/aws_function.py for tasks to queue
[2024-09-23T02:28:40.589+0000] {logging_mixin.py:188} INFO - [2024-09-23T02:28:40.589+0000] {dagbag.py:545} INFO - Filling up the DagBag from /opt/airflow/dags/aws_function.py
[2024-09-23T02:28:40.907+0000] {processor.py:842} WARNING - No viable dags retrieved from /opt/airflow/dags/aws_function.py
[2024-09-23T02:28:40.918+0000] {processor.py:183} INFO - Processing /opt/airflow/dags/aws_function.py took 0.342 seconds
[2024-09-23T02:29:10.958+0000] {processor.py:161} INFO - Started process (PID=90960) to work on /opt/airflow/dags/aws_function.py
[2024-09-23T02:29:10.959+0000] {processor.py:830} INFO - Processing file /opt/airflow/dags/aws_function.py for tasks to queue
[2024-09-23T02:29:10.962+0000] {logging_mixin.py:188} INFO - [2024-09-23T02:29:10.962+0000] {dagbag.py:545} INFO - Filling up the DagBag from /opt/airflow/dags/aws_function.py
[2024-09-23T02:29:11.184+0000] {processor.py:842} WARNING - No viable dags retrieved from /opt/airflow/dags/aws_function.py
[2024-09-23T02:29:11.194+0000] {processor.py:183} INFO - Processing /opt/airflow/dags/aws_function.py took 0.243 seconds
[2024-09-23T02:29:41.491+0000] {processor.py:161} INFO - Started process (PID=90977) to work on /opt/airflow/dags/aws_function.py
[2024-09-23T02:29:41.492+0000] {processor.py:830} INFO - Processing file /opt/airflow/dags/aws_function.py for tasks to queue
[2024-09-23T02:29:41.494+0000] {logging_mixin.py:188} INFO - [2024-09-23T02:29:41.494+0000] {dagbag.py:545} INFO - Filling up the DagBag from /opt/airflow/dags/aws_function.py
[2024-09-23T02:29:41.713+0000] {processor.py:842} WARNING - No viable dags retrieved from /opt/airflow/dags/aws_function.py
[2024-09-23T02:29:41.723+0000] {processor.py:183} INFO - Processing /opt/airflow/dags/aws_function.py took 0.240 seconds
[2024-09-23T02:30:12.049+0000] {processor.py:161} INFO - Started process (PID=90994) to work on /opt/airflow/dags/aws_function.py
[2024-09-23T02:30:12.050+0000] {processor.py:830} INFO - Processing file /opt/airflow/dags/aws_function.py for tasks to queue
[2024-09-23T02:30:12.053+0000] {logging_mixin.py:188} INFO - [2024-09-23T02:30:12.052+0000] {dagbag.py:545} INFO - Filling up the DagBag from /opt/airflow/dags/aws_function.py
[2024-09-23T02:30:12.317+0000] {processor.py:842} WARNING - No viable dags retrieved from /opt/airflow/dags/aws_function.py
[2024-09-23T02:30:12.328+0000] {processor.py:183} INFO - Processing /opt/airflow/dags/aws_function.py took 0.287 seconds
[2024-09-23T02:30:42.566+0000] {processor.py:161} INFO - Started process (PID=91011) to work on /opt/airflow/dags/aws_function.py
[2024-09-23T02:30:42.567+0000] {processor.py:830} INFO - Processing file /opt/airflow/dags/aws_function.py for tasks to queue
[2024-09-23T02:30:42.569+0000] {logging_mixin.py:188} INFO - [2024-09-23T02:30:42.569+0000] {dagbag.py:545} INFO - Filling up the DagBag from /opt/airflow/dags/aws_function.py
[2024-09-23T02:30:42.956+0000] {processor.py:842} WARNING - No viable dags retrieved from /opt/airflow/dags/aws_function.py
[2024-09-23T02:30:42.965+0000] {processor.py:183} INFO - Processing /opt/airflow/dags/aws_function.py took 0.405 seconds
[2024-09-23T02:31:13.026+0000] {processor.py:161} INFO - Started process (PID=91027) to work on /opt/airflow/dags/aws_function.py
[2024-09-23T02:31:13.027+0000] {processor.py:830} INFO - Processing file /opt/airflow/dags/aws_function.py for tasks to queue
[2024-09-23T02:31:13.028+0000] {logging_mixin.py:188} INFO - [2024-09-23T02:31:13.028+0000] {dagbag.py:545} INFO - Filling up the DagBag from /opt/airflow/dags/aws_function.py
[2024-09-23T02:31:13.348+0000] {processor.py:842} WARNING - No viable dags retrieved from /opt/airflow/dags/aws_function.py
[2024-09-23T02:31:13.357+0000] {processor.py:183} INFO - Processing /opt/airflow/dags/aws_function.py took 0.338 seconds
[2024-09-23T02:31:43.479+0000] {processor.py:161} INFO - Started process (PID=91044) to work on /opt/airflow/dags/aws_function.py
[2024-09-23T02:31:43.480+0000] {processor.py:830} INFO - Processing file /opt/airflow/dags/aws_function.py for tasks to queue
[2024-09-23T02:31:43.482+0000] {logging_mixin.py:188} INFO - [2024-09-23T02:31:43.482+0000] {dagbag.py:545} INFO - Filling up the DagBag from /opt/airflow/dags/aws_function.py
[2024-09-23T02:31:43.686+0000] {processor.py:842} WARNING - No viable dags retrieved from /opt/airflow/dags/aws_function.py
[2024-09-23T02:31:43.697+0000] {processor.py:183} INFO - Processing /opt/airflow/dags/aws_function.py took 0.225 seconds
[2024-09-23T02:32:13.800+0000] {processor.py:161} INFO - Started process (PID=91061) to work on /opt/airflow/dags/aws_function.py
[2024-09-23T02:32:13.801+0000] {processor.py:830} INFO - Processing file /opt/airflow/dags/aws_function.py for tasks to queue
[2024-09-23T02:32:13.803+0000] {logging_mixin.py:188} INFO - [2024-09-23T02:32:13.803+0000] {dagbag.py:545} INFO - Filling up the DagBag from /opt/airflow/dags/aws_function.py
[2024-09-23T02:32:14.055+0000] {processor.py:842} WARNING - No viable dags retrieved from /opt/airflow/dags/aws_function.py
[2024-09-23T02:32:14.066+0000] {processor.py:183} INFO - Processing /opt/airflow/dags/aws_function.py took 0.274 seconds
[2024-09-23T02:32:44.335+0000] {processor.py:161} INFO - Started process (PID=91078) to work on /opt/airflow/dags/aws_function.py
[2024-09-23T02:32:44.336+0000] {processor.py:830} INFO - Processing file /opt/airflow/dags/aws_function.py for tasks to queue
[2024-09-23T02:32:44.338+0000] {logging_mixin.py:188} INFO - [2024-09-23T02:32:44.338+0000] {dagbag.py:545} INFO - Filling up the DagBag from /opt/airflow/dags/aws_function.py
[2024-09-23T02:32:44.558+0000] {processor.py:842} WARNING - No viable dags retrieved from /opt/airflow/dags/aws_function.py
[2024-09-23T02:32:44.567+0000] {processor.py:183} INFO - Processing /opt/airflow/dags/aws_function.py took 0.240 seconds
[2024-09-23T02:33:14.677+0000] {processor.py:161} INFO - Started process (PID=91095) to work on /opt/airflow/dags/aws_function.py
[2024-09-23T02:33:14.678+0000] {processor.py:830} INFO - Processing file /opt/airflow/dags/aws_function.py for tasks to queue
[2024-09-23T02:33:14.680+0000] {logging_mixin.py:188} INFO - [2024-09-23T02:33:14.680+0000] {dagbag.py:545} INFO - Filling up the DagBag from /opt/airflow/dags/aws_function.py
[2024-09-23T02:33:14.945+0000] {processor.py:842} WARNING - No viable dags retrieved from /opt/airflow/dags/aws_function.py
[2024-09-23T02:33:14.959+0000] {processor.py:183} INFO - Processing /opt/airflow/dags/aws_function.py took 0.292 seconds
[2024-09-23T02:33:45.183+0000] {processor.py:161} INFO - Started process (PID=91112) to work on /opt/airflow/dags/aws_function.py
[2024-09-23T02:33:45.183+0000] {processor.py:830} INFO - Processing file /opt/airflow/dags/aws_function.py for tasks to queue
[2024-09-23T02:33:45.185+0000] {logging_mixin.py:188} INFO - [2024-09-23T02:33:45.185+0000] {dagbag.py:545} INFO - Filling up the DagBag from /opt/airflow/dags/aws_function.py
[2024-09-23T02:33:45.621+0000] {processor.py:842} WARNING - No viable dags retrieved from /opt/airflow/dags/aws_function.py
[2024-09-23T02:33:45.633+0000] {processor.py:183} INFO - Processing /opt/airflow/dags/aws_function.py took 0.454 seconds
[2024-09-23T02:34:15.672+0000] {processor.py:161} INFO - Started process (PID=91129) to work on /opt/airflow/dags/aws_function.py
[2024-09-23T02:34:15.673+0000] {processor.py:830} INFO - Processing file /opt/airflow/dags/aws_function.py for tasks to queue
[2024-09-23T02:34:15.675+0000] {logging_mixin.py:188} INFO - [2024-09-23T02:34:15.674+0000] {dagbag.py:545} INFO - Filling up the DagBag from /opt/airflow/dags/aws_function.py
[2024-09-23T02:34:16.055+0000] {processor.py:842} WARNING - No viable dags retrieved from /opt/airflow/dags/aws_function.py
[2024-09-23T02:34:16.069+0000] {processor.py:183} INFO - Processing /opt/airflow/dags/aws_function.py took 0.404 seconds
[2024-09-23T02:34:46.159+0000] {processor.py:161} INFO - Started process (PID=91146) to work on /opt/airflow/dags/aws_function.py
[2024-09-23T02:34:46.160+0000] {processor.py:830} INFO - Processing file /opt/airflow/dags/aws_function.py for tasks to queue
[2024-09-23T02:34:46.162+0000] {logging_mixin.py:188} INFO - [2024-09-23T02:34:46.162+0000] {dagbag.py:545} INFO - Filling up the DagBag from /opt/airflow/dags/aws_function.py
[2024-09-23T02:34:46.398+0000] {processor.py:842} WARNING - No viable dags retrieved from /opt/airflow/dags/aws_function.py
[2024-09-23T02:34:46.408+0000] {processor.py:183} INFO - Processing /opt/airflow/dags/aws_function.py took 0.257 seconds
[2024-09-23T02:35:16.664+0000] {processor.py:161} INFO - Started process (PID=91163) to work on /opt/airflow/dags/aws_function.py
[2024-09-23T02:35:16.666+0000] {processor.py:830} INFO - Processing file /opt/airflow/dags/aws_function.py for tasks to queue
[2024-09-23T02:35:16.668+0000] {logging_mixin.py:188} INFO - [2024-09-23T02:35:16.668+0000] {dagbag.py:545} INFO - Filling up the DagBag from /opt/airflow/dags/aws_function.py
[2024-09-23T02:35:16.894+0000] {processor.py:842} WARNING - No viable dags retrieved from /opt/airflow/dags/aws_function.py
[2024-09-23T02:35:16.904+0000] {processor.py:183} INFO - Processing /opt/airflow/dags/aws_function.py took 0.248 seconds
[2024-09-23T02:35:47.164+0000] {processor.py:161} INFO - Started process (PID=91180) to work on /opt/airflow/dags/aws_function.py
[2024-09-23T02:35:47.165+0000] {processor.py:830} INFO - Processing file /opt/airflow/dags/aws_function.py for tasks to queue
[2024-09-23T02:35:47.169+0000] {logging_mixin.py:188} INFO - [2024-09-23T02:35:47.168+0000] {dagbag.py:545} INFO - Filling up the DagBag from /opt/airflow/dags/aws_function.py
[2024-09-23T02:35:47.481+0000] {processor.py:842} WARNING - No viable dags retrieved from /opt/airflow/dags/aws_function.py
[2024-09-23T02:35:47.497+0000] {processor.py:183} INFO - Processing /opt/airflow/dags/aws_function.py took 0.342 seconds
[2024-09-23T02:36:17.615+0000] {processor.py:161} INFO - Started process (PID=91197) to work on /opt/airflow/dags/aws_function.py
[2024-09-23T02:36:17.616+0000] {processor.py:830} INFO - Processing file /opt/airflow/dags/aws_function.py for tasks to queue
[2024-09-23T02:36:17.619+0000] {logging_mixin.py:188} INFO - [2024-09-23T02:36:17.618+0000] {dagbag.py:545} INFO - Filling up the DagBag from /opt/airflow/dags/aws_function.py
[2024-09-23T02:36:17.894+0000] {processor.py:842} WARNING - No viable dags retrieved from /opt/airflow/dags/aws_function.py
[2024-09-23T02:36:17.905+0000] {processor.py:183} INFO - Processing /opt/airflow/dags/aws_function.py took 0.296 seconds
[2024-09-23T02:36:48.154+0000] {processor.py:161} INFO - Started process (PID=91214) to work on /opt/airflow/dags/aws_function.py
[2024-09-23T02:36:48.155+0000] {processor.py:830} INFO - Processing file /opt/airflow/dags/aws_function.py for tasks to queue
[2024-09-23T02:36:48.157+0000] {logging_mixin.py:188} INFO - [2024-09-23T02:36:48.157+0000] {dagbag.py:545} INFO - Filling up the DagBag from /opt/airflow/dags/aws_function.py
[2024-09-23T02:36:48.740+0000] {processor.py:842} WARNING - No viable dags retrieved from /opt/airflow/dags/aws_function.py
[2024-09-23T02:36:48.756+0000] {processor.py:183} INFO - Processing /opt/airflow/dags/aws_function.py took 0.607 seconds
[2024-09-23T02:37:19.545+0000] {processor.py:161} INFO - Started process (PID=91231) to work on /opt/airflow/dags/aws_function.py
[2024-09-23T02:37:19.546+0000] {processor.py:830} INFO - Processing file /opt/airflow/dags/aws_function.py for tasks to queue
[2024-09-23T02:37:19.549+0000] {logging_mixin.py:188} INFO - [2024-09-23T02:37:19.549+0000] {dagbag.py:545} INFO - Filling up the DagBag from /opt/airflow/dags/aws_function.py
[2024-09-23T02:37:19.875+0000] {processor.py:842} WARNING - No viable dags retrieved from /opt/airflow/dags/aws_function.py
[2024-09-23T02:37:19.885+0000] {processor.py:183} INFO - Processing /opt/airflow/dags/aws_function.py took 0.348 seconds
[2024-09-23T02:37:50.010+0000] {processor.py:161} INFO - Started process (PID=91248) to work on /opt/airflow/dags/aws_function.py
[2024-09-23T02:37:50.011+0000] {processor.py:830} INFO - Processing file /opt/airflow/dags/aws_function.py for tasks to queue
[2024-09-23T02:37:50.014+0000] {logging_mixin.py:188} INFO - [2024-09-23T02:37:50.013+0000] {dagbag.py:545} INFO - Filling up the DagBag from /opt/airflow/dags/aws_function.py
[2024-09-23T02:37:50.254+0000] {processor.py:842} WARNING - No viable dags retrieved from /opt/airflow/dags/aws_function.py
[2024-09-23T02:37:50.264+0000] {processor.py:183} INFO - Processing /opt/airflow/dags/aws_function.py took 0.261 seconds
[2024-09-23T02:38:20.573+0000] {processor.py:161} INFO - Started process (PID=91265) to work on /opt/airflow/dags/aws_function.py
[2024-09-23T02:38:20.574+0000] {processor.py:830} INFO - Processing file /opt/airflow/dags/aws_function.py for tasks to queue
[2024-09-23T02:38:20.577+0000] {logging_mixin.py:188} INFO - [2024-09-23T02:38:20.577+0000] {dagbag.py:545} INFO - Filling up the DagBag from /opt/airflow/dags/aws_function.py
[2024-09-23T02:38:20.784+0000] {processor.py:842} WARNING - No viable dags retrieved from /opt/airflow/dags/aws_function.py
[2024-09-23T02:38:20.794+0000] {processor.py:183} INFO - Processing /opt/airflow/dags/aws_function.py took 0.231 seconds
[2024-09-23T02:38:51.092+0000] {processor.py:161} INFO - Started process (PID=91281) to work on /opt/airflow/dags/aws_function.py
[2024-09-23T02:38:51.093+0000] {processor.py:830} INFO - Processing file /opt/airflow/dags/aws_function.py for tasks to queue
[2024-09-23T02:38:51.095+0000] {logging_mixin.py:188} INFO - [2024-09-23T02:38:51.095+0000] {dagbag.py:545} INFO - Filling up the DagBag from /opt/airflow/dags/aws_function.py
[2024-09-23T02:38:51.350+0000] {processor.py:842} WARNING - No viable dags retrieved from /opt/airflow/dags/aws_function.py
[2024-09-23T02:38:51.362+0000] {processor.py:183} INFO - Processing /opt/airflow/dags/aws_function.py took 0.277 seconds
[2024-09-23T02:39:21.467+0000] {processor.py:161} INFO - Started process (PID=91298) to work on /opt/airflow/dags/aws_function.py
[2024-09-23T02:39:21.468+0000] {processor.py:830} INFO - Processing file /opt/airflow/dags/aws_function.py for tasks to queue
[2024-09-23T02:39:21.469+0000] {logging_mixin.py:188} INFO - [2024-09-23T02:39:21.469+0000] {dagbag.py:545} INFO - Filling up the DagBag from /opt/airflow/dags/aws_function.py
[2024-09-23T02:39:21.758+0000] {processor.py:842} WARNING - No viable dags retrieved from /opt/airflow/dags/aws_function.py
[2024-09-23T02:39:21.772+0000] {processor.py:183} INFO - Processing /opt/airflow/dags/aws_function.py took 0.311 seconds
[2024-09-23T02:39:52.200+0000] {processor.py:161} INFO - Started process (PID=91315) to work on /opt/airflow/dags/aws_function.py
[2024-09-23T02:39:52.201+0000] {processor.py:830} INFO - Processing file /opt/airflow/dags/aws_function.py for tasks to queue
[2024-09-23T02:39:52.203+0000] {logging_mixin.py:188} INFO - [2024-09-23T02:39:52.203+0000] {dagbag.py:545} INFO - Filling up the DagBag from /opt/airflow/dags/aws_function.py
[2024-09-23T02:39:52.963+0000] {processor.py:842} WARNING - No viable dags retrieved from /opt/airflow/dags/aws_function.py
[2024-09-23T02:39:52.977+0000] {processor.py:183} INFO - Processing /opt/airflow/dags/aws_function.py took 0.783 seconds
[2024-09-23T02:40:23.267+0000] {processor.py:161} INFO - Started process (PID=91332) to work on /opt/airflow/dags/aws_function.py
[2024-09-23T02:40:23.268+0000] {processor.py:830} INFO - Processing file /opt/airflow/dags/aws_function.py for tasks to queue
[2024-09-23T02:40:23.269+0000] {logging_mixin.py:188} INFO - [2024-09-23T02:40:23.269+0000] {dagbag.py:545} INFO - Filling up the DagBag from /opt/airflow/dags/aws_function.py
[2024-09-23T02:40:23.690+0000] {processor.py:842} WARNING - No viable dags retrieved from /opt/airflow/dags/aws_function.py
[2024-09-23T02:40:23.699+0000] {processor.py:183} INFO - Processing /opt/airflow/dags/aws_function.py took 0.438 seconds
[2024-09-23T02:40:53.984+0000] {processor.py:161} INFO - Started process (PID=91349) to work on /opt/airflow/dags/aws_function.py
[2024-09-23T02:40:53.986+0000] {processor.py:830} INFO - Processing file /opt/airflow/dags/aws_function.py for tasks to queue
[2024-09-23T02:40:53.988+0000] {logging_mixin.py:188} INFO - [2024-09-23T02:40:53.987+0000] {dagbag.py:545} INFO - Filling up the DagBag from /opt/airflow/dags/aws_function.py
[2024-09-23T02:40:54.301+0000] {processor.py:842} WARNING - No viable dags retrieved from /opt/airflow/dags/aws_function.py
[2024-09-23T02:40:54.315+0000] {processor.py:183} INFO - Processing /opt/airflow/dags/aws_function.py took 0.336 seconds
[2024-09-23T02:41:24.632+0000] {processor.py:161} INFO - Started process (PID=91366) to work on /opt/airflow/dags/aws_function.py
[2024-09-23T02:41:24.633+0000] {processor.py:830} INFO - Processing file /opt/airflow/dags/aws_function.py for tasks to queue
[2024-09-23T02:41:24.635+0000] {logging_mixin.py:188} INFO - [2024-09-23T02:41:24.635+0000] {dagbag.py:545} INFO - Filling up the DagBag from /opt/airflow/dags/aws_function.py
[2024-09-23T02:41:24.946+0000] {processor.py:842} WARNING - No viable dags retrieved from /opt/airflow/dags/aws_function.py
[2024-09-23T02:41:24.961+0000] {processor.py:183} INFO - Processing /opt/airflow/dags/aws_function.py took 0.337 seconds
