[2024-09-24T04:44:10.257+0000] {local_task_job_runner.py:120} INFO - ::group::Pre task execution logs
[2024-09-24T04:44:10.285+0000] {taskinstance.py:2076} INFO - Dependencies all met for dep_context=non-requeueable deps ti=<TaskInstance: dag_with_postgres_operator_v01.create_postgres_table manual__2024-09-24T04:44:09.069489+00:00 [queued]>
[2024-09-24T04:44:10.290+0000] {taskinstance.py:2076} INFO - Dependencies all met for dep_context=requeueable deps ti=<TaskInstance: dag_with_postgres_operator_v01.create_postgres_table manual__2024-09-24T04:44:09.069489+00:00 [queued]>
[2024-09-24T04:44:10.291+0000] {taskinstance.py:2306} INFO - Starting attempt 1 of 6
[2024-09-24T04:44:10.298+0000] {taskinstance.py:2330} INFO - Executing <Task(PostgresOperator): create_postgres_table> on 2024-09-24 04:44:09.069489+00:00
[2024-09-24T04:44:10.303+0000] {standard_task_runner.py:90} INFO - Running: ['***', 'tasks', 'run', 'dag_with_postgres_operator_v01', 'create_postgres_table', 'manual__2024-09-24T04:44:09.069489+00:00', '--job-id', '121', '--raw', '--subdir', 'DAGS_FOLDER/postgres_dag.py', '--cfg-path', '/tmp/tmpwndqucdg']
[2024-09-24T04:44:10.305+0000] {standard_task_runner.py:91} INFO - Job 121: Subtask create_postgres_table
[2024-09-24T04:44:10.305+0000] {logging_mixin.py:188} WARNING - /home/***/.local/lib/python3.12/site-packages/***/task/task_runner/standard_task_runner.py:61 DeprecationWarning: This process (pid=318) is multi-threaded, use of fork() may lead to deadlocks in the child.
[2024-09-24T04:44:10.305+0000] {standard_task_runner.py:63} INFO - Started process 320 to run task
[2024-09-24T04:44:10.335+0000] {task_command.py:426} INFO - Running <TaskInstance: dag_with_postgres_operator_v01.create_postgres_table manual__2024-09-24T04:44:09.069489+00:00 [running]> on host b6455cb83403
[2024-09-24T04:44:10.543+0000] {taskinstance.py:2648} INFO - Exporting env vars: AIRFLOW_CTX_DAG_OWNER='jack' AIRFLOW_CTX_DAG_ID='dag_with_postgres_operator_v01' AIRFLOW_CTX_TASK_ID='create_postgres_table' AIRFLOW_CTX_EXECUTION_DATE='2024-09-24T04:44:09.069489+00:00' AIRFLOW_CTX_TRY_NUMBER='1' AIRFLOW_CTX_DAG_RUN_ID='manual__2024-09-24T04:44:09.069489+00:00'
[2024-09-24T04:44:10.544+0000] {taskinstance.py:430} INFO - ::endgroup::
[2024-09-24T04:44:10.551+0000] {sql.py:276} INFO - Executing: 
            CREATE SCHEMA IF NOT EXISTS customer_schema;

            DROP TABLE IF EXISTS customer_schema.customer_table;

            CREATE TABLE customer_schema.customer_table (
                Invoice TEXT,
                StockCode TEXT,
                "Description" TEXT,
                Quantity INT,
                InvoiceDate TIMESTAMP,
                Price FLOAT,
                "Customer ID" TEXT,
                Country TEXT,
                Revenue FLOAT
            );
             
[2024-09-24T04:44:10.558+0000] {base.py:84} INFO - Using connection ID 'postgres_localhost' for task execution.
[2024-09-24T04:44:10.563+0000] {base.py:84} INFO - Using connection ID 'postgres_localhost' for task execution.
[2024-09-24T04:44:10.571+0000] {sql.py:487} INFO - Running statement: 
            CREATE SCHEMA IF NOT EXISTS customer_schema;

            DROP TABLE IF EXISTS customer_schema.customer_table;

            CREATE TABLE customer_schema.customer_table (
                Invoice TEXT,
                StockCode TEXT,
                "Description" TEXT,
                Quantity INT,
                InvoiceDate TIMESTAMP,
                Price FLOAT,
                "Customer ID" TEXT,
                Country TEXT,
                Revenue FLOAT
            );
             , parameters: None
[2024-09-24T04:44:10.579+0000] {taskinstance.py:441} INFO - ::group::Post task execution logs
[2024-09-24T04:44:10.586+0000] {taskinstance.py:1206} INFO - Marking task as SUCCESS. dag_id=dag_with_postgres_operator_v01, task_id=create_postgres_table, run_id=manual__2024-09-24T04:44:09.069489+00:00, execution_date=20240924T044409, start_date=20240924T044410, end_date=20240924T044410
[2024-09-24T04:44:10.616+0000] {local_task_job_runner.py:240} INFO - Task exited with return code 0
[2024-09-24T04:44:10.624+0000] {logging_mixin.py:188} WARNING - /home/***/.local/lib/python3.12/site-packages/***/models/baseoperator.py:1297 AirflowProviderDeprecationWarning: Call to deprecated class PostgresOperator. (Please use `***.providers.common.sql.operators.sql.SQLExecuteQueryOperator`.Also, you can provide `hook_params={'schema': <database>}`.)
[2024-09-24T04:44:10.631+0000] {taskinstance.py:3503} INFO - 1 downstream tasks scheduled from follow-on schedule check
[2024-09-24T04:44:10.631+0000] {local_task_job_runner.py:222} INFO - ::endgroup::
