[2024-06-25T10:11:34.948+0000] {local_task_job_runner.py:120} INFO - ::group::Pre task execution logs
[2024-06-25T10:11:34.964+0000] {taskinstance.py:2076} INFO - Dependencies all met for dep_context=non-requeueable deps ti=<TaskInstance: dag_with_postgres_operator_v01.create_postgres_table manual__2024-06-25T10:06:32.569381+00:00 [queued]>
[2024-06-25T10:11:34.967+0000] {taskinstance.py:2076} INFO - Dependencies all met for dep_context=requeueable deps ti=<TaskInstance: dag_with_postgres_operator_v01.create_postgres_table manual__2024-06-25T10:06:32.569381+00:00 [queued]>
[2024-06-25T10:11:34.967+0000] {taskinstance.py:2306} INFO - Starting attempt 2 of 6
[2024-06-25T10:11:34.971+0000] {taskinstance.py:2330} INFO - Executing <Task(PostgresOperator): create_postgres_table> on 2024-06-25 10:06:32.569381+00:00
[2024-06-25T10:11:34.975+0000] {standard_task_runner.py:90} INFO - Running: ['***', 'tasks', 'run', 'dag_with_postgres_operator_v01', 'create_postgres_table', 'manual__2024-06-25T10:06:32.569381+00:00', '--job-id', '14', '--raw', '--subdir', 'DAGS_FOLDER/postgres_dag.py', '--cfg-path', '/tmp/tmp8ihhp8aw']
[2024-06-25T10:11:34.976+0000] {standard_task_runner.py:91} INFO - Job 14: Subtask create_postgres_table
[2024-06-25T10:11:34.976+0000] {logging_mixin.py:188} WARNING - /home/***/.local/lib/python3.12/site-packages/***/task/task_runner/standard_task_runner.py:61 DeprecationWarning: This process (pid=17550) is multi-threaded, use of fork() may lead to deadlocks in the child.
[2024-06-25T10:11:34.976+0000] {standard_task_runner.py:63} INFO - Started process 17551 to run task
[2024-06-25T10:11:35.002+0000] {task_command.py:426} INFO - Running <TaskInstance: dag_with_postgres_operator_v01.create_postgres_table manual__2024-06-25T10:06:32.569381+00:00 [running]> on host 3b316f897547
[2024-06-25T10:11:35.042+0000] {taskinstance.py:2648} INFO - Exporting env vars: AIRFLOW_CTX_DAG_OWNER='jack' AIRFLOW_CTX_DAG_ID='dag_with_postgres_operator_v01' AIRFLOW_CTX_TASK_ID='create_postgres_table' AIRFLOW_CTX_EXECUTION_DATE='2024-06-25T10:06:32.569381+00:00' AIRFLOW_CTX_TRY_NUMBER='2' AIRFLOW_CTX_DAG_RUN_ID='manual__2024-06-25T10:06:32.569381+00:00'
[2024-06-25T10:11:35.043+0000] {taskinstance.py:430} INFO - ::endgroup::
[2024-06-25T10:11:35.050+0000] {sql.py:276} INFO - Executing: 
            CREATE SCHEMA IF NOT EXISTS customer_schema;

            DROP TABLE IF EXISTS customer_schema.customer_table;

            CREATE TABLE customer_schema.customer_table (
                InvoiceNo TEXT,
                StockCode TEXT,
                "Description" TEXT,
                Quantity INT,
                InvoiceDate TIMESTAMP,
                UnitPrice FLOAT,
                CustomerID TEXT,
                Country TEXT
            );
             
[2024-06-25T10:11:35.054+0000] {base.py:84} INFO - Using connection ID 'postgres_localhost' for task execution.
[2024-06-25T10:11:35.058+0000] {base.py:84} INFO - Using connection ID 'postgres_localhost' for task execution.
[2024-06-25T10:11:43.068+0000] {taskinstance.py:441} INFO - ::group::Post task execution logs
[2024-06-25T10:11:43.071+0000] {taskinstance.py:2905} ERROR - Task failed with exception
Traceback (most recent call last):
  File "/home/airflow/.local/lib/python3.12/site-packages/airflow/models/taskinstance.py", line 465, in _execute_task
    result = _execute_callable(context=context, **execute_callable_kwargs)
             ^^^^^^^^^^^^^^^^^^^^^^^^^^^^^^^^^^^^^^^^^^^^^^^^^^^^^^^^^^^^^
  File "/home/airflow/.local/lib/python3.12/site-packages/airflow/models/taskinstance.py", line 432, in _execute_callable
    return execute_callable(context=context, **execute_callable_kwargs)
           ^^^^^^^^^^^^^^^^^^^^^^^^^^^^^^^^^^^^^^^^^^^^^^^^^^^^^^^^^^^^
  File "/home/airflow/.local/lib/python3.12/site-packages/airflow/models/baseoperator.py", line 401, in wrapper
    return func(self, *args, **kwargs)
           ^^^^^^^^^^^^^^^^^^^^^^^^^^^
  File "/home/airflow/.local/lib/python3.12/site-packages/airflow/providers/common/sql/operators/sql.py", line 282, in execute
    output = hook.run(
             ^^^^^^^^^
  File "/home/airflow/.local/lib/python3.12/site-packages/airflow/providers/common/sql/hooks/sql.py", line 431, in run
    with self._create_autocommit_connection(autocommit) as conn:
  File "/usr/local/lib/python3.12/contextlib.py", line 137, in __enter__
    return next(self.gen)
           ^^^^^^^^^^^^^^
  File "/home/airflow/.local/lib/python3.12/site-packages/airflow/providers/common/sql/hooks/sql.py", line 551, in _create_autocommit_connection
    with closing(self.get_conn()) as conn:
                 ^^^^^^^^^^^^^^^
  File "/home/airflow/.local/lib/python3.12/site-packages/airflow/providers/postgres/hooks/postgres.py", line 175, in get_conn
    self.conn = psycopg2.connect(**conn_args)
                ^^^^^^^^^^^^^^^^^^^^^^^^^^^^^
  File "/home/airflow/.local/lib/python3.12/site-packages/psycopg2/__init__.py", line 122, in connect
    conn = _connect(dsn, connection_factory=connection_factory, **kwasync)
           ^^^^^^^^^^^^^^^^^^^^^^^^^^^^^^^^^^^^^^^^^^^^^^^^^^^^^^^^^^^^^^^
psycopg2.OperationalError: could not translate host name "host.docker.local" to address: Temporary failure in name resolution

[2024-06-25T10:11:43.094+0000] {taskinstance.py:1206} INFO - Marking task as UP_FOR_RETRY. dag_id=dag_with_postgres_operator_v01, task_id=create_postgres_table, run_id=manual__2024-06-25T10:06:32.569381+00:00, execution_date=20240625T100632, start_date=20240625T101134, end_date=20240625T101143
[2024-06-25T10:11:43.108+0000] {standard_task_runner.py:110} ERROR - Failed to execute job 14 for task create_postgres_table (could not translate host name "host.docker.local" to address: Temporary failure in name resolution
; 17551)
[2024-06-25T10:11:43.153+0000] {local_task_job_runner.py:240} INFO - Task exited with return code 1
[2024-06-25T10:11:43.182+0000] {taskinstance.py:3503} INFO - 0 downstream tasks scheduled from follow-on schedule check
[2024-06-25T10:11:43.183+0000] {local_task_job_runner.py:222} INFO - ::endgroup::
